[INFO] Scanning for projects...
[INFO] 
[INFO] -----------------< com.educonnect:discussion-service >------------------
[INFO] Building EduConnect Discussion Service 0.0.1-SNAPSHOT
[INFO]   from pom.xml
[INFO] --------------------------------[ jar ]---------------------------------
[INFO] 
[INFO] >>> spring-boot:3.5.3:run (default-cli) > test-compile @ discussion-service >>>
[INFO] 
[INFO] --- resources:3.3.1:resources (default-resources) @ discussion-service ---
[INFO] Copying 2 resources from src/main/resources to target/classes
[INFO] Copying 0 resource from src/main/resources to target/classes
[INFO] 
[INFO] --- compiler:3.14.0:compile (default-compile) @ discussion-service ---
[INFO] Nothing to compile - all classes are up to date.
[INFO] 
[INFO] --- resources:3.3.1:testResources (default-testResources) @ discussion-service ---
[INFO] skip non existing resourceDirectory /home/pridesys/projects/408_backend/educonnect-auth-service/discussion-service/src/test/resources
[INFO] 
[INFO] --- compiler:3.14.0:testCompile (default-testCompile) @ discussion-service ---
[INFO] Nothing to compile - all classes are up to date.
[INFO] 
[INFO] <<< spring-boot:3.5.3:run (default-cli) < test-compile @ discussion-service <<<
[INFO] 
[INFO] 
[INFO] --- spring-boot:3.5.3:run (default-cli) @ discussion-service ---
[INFO] Attaching agents: []

  .   ____          _            __ _ _
 /\\ / ___'_ __ _ _(_)_ __  __ _ \ \ \ \
( ( )\___ | '_ | '_| | '_ \/ _` | \ \ \ \
 \\/  ___)| |_)| | | | | || (_| |  ) ) ) )
  '  |____| .__|_| |_|_| |_\__, | / / / /
 =========|_|==============|___/=/_/_/_/

 :: Spring Boot ::                (v3.5.3)

2025-07-26 19:08:32 [restartedMain] INFO  c.e.d.EduConnectDiscussionServiceApplication - Starting EduConnectDiscussionServiceApplication using Java 17.0.15 with PID 9448 (/home/pridesys/projects/408_backend/educonnect-auth-service/discussion-service/target/classes started by pridesys in /home/pridesys/projects/408_backend/educonnect-auth-service/discussion-service)
2025-07-26 19:08:32 [restartedMain] DEBUG c.e.d.EduConnectDiscussionServiceApplication - Running with Spring Boot v3.5.3, Spring v6.2.8
2025-07-26 19:08:32 [restartedMain] INFO  c.e.d.EduConnectDiscussionServiceApplication - The following 1 profile is active: "default"
2025-07-26 19:08:32 [restartedMain] INFO  o.s.b.d.e.DevToolsPropertyDefaultsPostProcessor - Devtools property defaults active! Set 'spring.devtools.add-properties' to 'false' to disable
2025-07-26 19:08:32 [restartedMain] INFO  o.s.b.d.e.DevToolsPropertyDefaultsPostProcessor - For additional web related logging consider setting the 'logging.level.web' property to 'DEBUG'
2025-07-26 19:08:37 [restartedMain] INFO  o.s.d.r.c.RepositoryConfigurationDelegate - Multiple Spring Data modules found, entering strict repository configuration mode
2025-07-26 19:08:37 [restartedMain] INFO  o.s.d.r.c.RepositoryConfigurationDelegate - Bootstrapping Spring Data JPA repositories in DEFAULT mode.
2025-07-26 19:08:38 [restartedMain] INFO  o.s.d.r.c.RepositoryConfigurationDelegate - Finished Spring Data repository scanning in 869 ms. Found 12 JPA repository interfaces.
2025-07-26 19:08:40 [restartedMain] INFO  o.s.d.r.c.RepositoryConfigurationDelegate - Multiple Spring Data modules found, entering strict repository configuration mode
2025-07-26 19:08:40 [restartedMain] INFO  o.s.d.r.c.RepositoryConfigurationDelegate - Bootstrapping Spring Data Redis repositories in DEFAULT mode.
2025-07-26 19:08:40 [restartedMain] INFO  o.s.d.r.c.RepositoryConfigurationExtensionSupport - Spring Data Redis - Could not safely identify store assignment for repository candidate interface com.educonnect.discussion.repository.AIQueryRepository; If you want this repository to be a Redis repository, consider annotating your entities with one of these annotations: org.springframework.data.redis.core.RedisHash (preferred), or consider extending one of the following types with your repository: org.springframework.data.keyvalue.repository.KeyValueRepository
2025-07-26 19:08:40 [restartedMain] INFO  o.s.d.r.c.RepositoryConfigurationExtensionSupport - Spring Data Redis - Could not safely identify store assignment for repository candidate interface com.educonnect.discussion.repository.AnswerRepository; If you want this repository to be a Redis repository, consider annotating your entities with one of these annotations: org.springframework.data.redis.core.RedisHash (preferred), or consider extending one of the following types with your repository: org.springframework.data.keyvalue.repository.KeyValueRepository
2025-07-26 19:08:40 [restartedMain] INFO  o.s.d.r.c.RepositoryConfigurationExtensionSupport - Spring Data Redis - Could not safely identify store assignment for repository candidate interface com.educonnect.discussion.repository.BookmarkRepository; If you want this repository to be a Redis repository, consider annotating your entities with one of these annotations: org.springframework.data.redis.core.RedisHash (preferred), or consider extending one of the following types with your repository: org.springframework.data.keyvalue.repository.KeyValueRepository
2025-07-26 19:08:40 [restartedMain] INFO  o.s.d.r.c.RepositoryConfigurationExtensionSupport - Spring Data Redis - Could not safely identify store assignment for repository candidate interface com.educonnect.discussion.repository.ConversationRepository; If you want this repository to be a Redis repository, consider annotating your entities with one of these annotations: org.springframework.data.redis.core.RedisHash (preferred), or consider extending one of the following types with your repository: org.springframework.data.keyvalue.repository.KeyValueRepository
2025-07-26 19:08:40 [restartedMain] INFO  o.s.d.r.c.RepositoryConfigurationExtensionSupport - Spring Data Redis - Could not safely identify store assignment for repository candidate interface com.educonnect.discussion.repository.DiscussionRepository; If you want this repository to be a Redis repository, consider annotating your entities with one of these annotations: org.springframework.data.redis.core.RedisHash (preferred), or consider extending one of the following types with your repository: org.springframework.data.keyvalue.repository.KeyValueRepository
2025-07-26 19:08:40 [restartedMain] INFO  o.s.d.r.c.RepositoryConfigurationExtensionSupport - Spring Data Redis - Could not safely identify store assignment for repository candidate interface com.educonnect.discussion.repository.FileAttachmentRepository; If you want this repository to be a Redis repository, consider annotating your entities with one of these annotations: org.springframework.data.redis.core.RedisHash (preferred), or consider extending one of the following types with your repository: org.springframework.data.keyvalue.repository.KeyValueRepository
2025-07-26 19:08:40 [restartedMain] INFO  o.s.d.r.c.RepositoryConfigurationExtensionSupport - Spring Data Redis - Could not safely identify store assignment for repository candidate interface com.educonnect.discussion.repository.GroupMemberRepository; If you want this repository to be a Redis repository, consider annotating your entities with one of these annotations: org.springframework.data.redis.core.RedisHash (preferred), or consider extending one of the following types with your repository: org.springframework.data.keyvalue.repository.KeyValueRepository
2025-07-26 19:08:40 [restartedMain] INFO  o.s.d.r.c.RepositoryConfigurationExtensionSupport - Spring Data Redis - Could not safely identify store assignment for repository candidate interface com.educonnect.discussion.repository.GroupRepository; If you want this repository to be a Redis repository, consider annotating your entities with one of these annotations: org.springframework.data.redis.core.RedisHash (preferred), or consider extending one of the following types with your repository: org.springframework.data.keyvalue.repository.KeyValueRepository
2025-07-26 19:08:40 [restartedMain] INFO  o.s.d.r.c.RepositoryConfigurationExtensionSupport - Spring Data Redis - Could not safely identify store assignment for repository candidate interface com.educonnect.discussion.repository.MessageRepository; If you want this repository to be a Redis repository, consider annotating your entities with one of these annotations: org.springframework.data.redis.core.RedisHash (preferred), or consider extending one of the following types with your repository: org.springframework.data.keyvalue.repository.KeyValueRepository
2025-07-26 19:08:40 [restartedMain] INFO  o.s.d.r.c.RepositoryConfigurationExtensionSupport - Spring Data Redis - Could not safely identify store assignment for repository candidate interface com.educonnect.discussion.repository.NotificationRepository; If you want this repository to be a Redis repository, consider annotating your entities with one of these annotations: org.springframework.data.redis.core.RedisHash (preferred), or consider extending one of the following types with your repository: org.springframework.data.keyvalue.repository.KeyValueRepository
2025-07-26 19:08:40 [restartedMain] INFO  o.s.d.r.c.RepositoryConfigurationExtensionSupport - Spring Data Redis - Could not safely identify store assignment for repository candidate interface com.educonnect.discussion.repository.UserRepository; If you want this repository to be a Redis repository, consider annotating your entities with one of these annotations: org.springframework.data.redis.core.RedisHash (preferred), or consider extending one of the following types with your repository: org.springframework.data.keyvalue.repository.KeyValueRepository
2025-07-26 19:08:40 [restartedMain] INFO  o.s.d.r.c.RepositoryConfigurationExtensionSupport - Spring Data Redis - Could not safely identify store assignment for repository candidate interface com.educonnect.discussion.repository.VoteRepository; If you want this repository to be a Redis repository, consider annotating your entities with one of these annotations: org.springframework.data.redis.core.RedisHash (preferred), or consider extending one of the following types with your repository: org.springframework.data.keyvalue.repository.KeyValueRepository
2025-07-26 19:08:40 [restartedMain] INFO  o.s.d.r.c.RepositoryConfigurationDelegate - Finished Spring Data repository scanning in 79 ms. Found 0 Redis repository interfaces.
2025-07-26 19:08:43 [restartedMain] INFO  o.s.b.w.e.tomcat.TomcatWebServer - Tomcat initialized with port 8082 (http)
2025-07-26 19:08:43 [restartedMain] INFO  o.a.catalina.core.StandardService - Starting service [Tomcat]
2025-07-26 19:08:43 [restartedMain] INFO  o.a.catalina.core.StandardEngine - Starting Servlet engine: [Apache Tomcat/10.1.42]
2025-07-26 19:08:43 [restartedMain] INFO  o.a.c.c.C.[.[localhost].[/api/v1] - Initializing Spring embedded WebApplicationContext
2025-07-26 19:08:43 [restartedMain] INFO  o.s.b.w.s.c.ServletWebServerApplicationContext - Root WebApplicationContext: initialization completed in 10982 ms
2025-07-26 19:08:44 [restartedMain] DEBUG c.e.d.s.JwtAuthenticationFilter - Filter 'jwtAuthenticationFilter' configured for use
2025-07-26 19:08:44 [restartedMain] DEBUG c.e.d.s.JwtAuthenticationFilterFixed - Filter 'jwtAuthenticationFilterFixed' configured for use
2025-07-26 19:08:45 [restartedMain] INFO  o.h.jpa.internal.util.LogHelper - HHH000204: Processing PersistenceUnitInfo [name: default]
2025-07-26 19:08:45 [restartedMain] INFO  org.hibernate.Version - HHH000412: Hibernate ORM core version 6.6.18.Final
2025-07-26 19:08:45 [restartedMain] INFO  o.h.c.i.RegionFactoryInitiator - HHH000026: Second-level cache disabled
2025-07-26 19:08:46 [restartedMain] INFO  o.s.o.j.p.SpringPersistenceUnitInfo - No LoadTimeWeaver setup: ignoring JPA class transformer
2025-07-26 19:08:46 [restartedMain] INFO  com.zaxxer.hikari.HikariDataSource - HikariPool-1 - Starting...
2025-07-26 19:08:47 [restartedMain] INFO  com.zaxxer.hikari.pool.HikariPool - HikariPool-1 - Added connection org.postgresql.jdbc.PgConnection@48cc3aa5
2025-07-26 19:08:47 [restartedMain] INFO  com.zaxxer.hikari.HikariDataSource - HikariPool-1 - Start completed.
2025-07-26 19:08:47 [restartedMain] WARN  org.hibernate.orm.deprecation - HHH90000025: PostgreSQLDialect does not need to be specified explicitly using 'hibernate.dialect' (remove the property setting and it will be selected by default)
2025-07-26 19:08:47 [restartedMain] INFO  o.hibernate.orm.connections.pooling - HHH10001005: Database info:
	Database JDBC URL [Connecting through datasource 'HikariDataSource (HikariPool-1)']
	Database driver: undefined/unknown
	Database version: 15.13
	Autocommit mode: undefined/unknown
	Isolation level: undefined/unknown
	Minimum pool size: undefined/unknown
	Maximum pool size: undefined/unknown
2025-07-26 19:08:53 [restartedMain] INFO  o.h.e.t.j.p.i.JtaPlatformInitiator - HHH000489: No JTA platform available (set 'hibernate.transaction.jta.platform' to enable JTA platform integration)
2025-07-26 19:09:02 [restartedMain] INFO  o.s.o.j.LocalContainerEntityManagerFactoryBean - Initialized JPA EntityManagerFactory for persistence unit 'default'
2025-07-26 19:09:03 [restartedMain] INFO  o.s.d.j.r.query.QueryEnhancerFactory - Hibernate is in classpath; If applicable, HQL parser will be used.
2025-07-26 19:09:15 [restartedMain] WARN  o.s.b.a.o.j.JpaBaseConfiguration$JpaWebConfiguration - spring.jpa.open-in-view is enabled by default. Therefore, database queries may be performed during view rendering. Explicitly configure spring.jpa.open-in-view to disable this warning
2025-07-26 19:09:18 [restartedMain] INFO  o.s.b.a.e.web.EndpointLinksResolver - Exposing 3 endpoints beneath base path '/actuator'
2025-07-26 19:09:18 [restartedMain] WARN  o.s.b.a.s.s.UserDetailsServiceAutoConfiguration - 

Using generated security password: 41ee3242-68f1-47de-bf22-a7bbedff1525

This generated password is for development use only. Your security configuration must be updated before running your application in production.

2025-07-26 19:09:18 [restartedMain] INFO  o.s.s.c.a.a.c.InitializeUserDetailsBeanManagerConfigurer$InitializeUserDetailsManagerConfigurer - Global AuthenticationManager configured with UserDetailsService bean with name inMemoryUserDetailsManager
2025-07-26 19:09:19 [restartedMain] DEBUG o.s.s.web.DefaultSecurityFilterChain - Will secure any request with filters: DisableEncodeUrlFilter, WebAsyncManagerIntegrationFilter, SecurityContextHolderFilter, HeaderWriterFilter, CorsFilter, LogoutFilter, JwtAuthenticationFilterFixed, RequestCacheAwareFilter, SecurityContextHolderAwareRequestFilter, AnonymousAuthenticationFilter, SessionManagementFilter, ExceptionTranslationFilter, AuthorizationFilter
2025-07-26 19:09:21 [restartedMain] WARN  o.s.b.d.a.OptionalLiveReloadServer - Unable to start LiveReload server
2025-07-26 19:09:22 [restartedMain] INFO  o.s.m.s.b.SimpleBrokerMessageHandler - Starting...
2025-07-26 19:09:22 [restartedMain] INFO  o.s.m.s.b.SimpleBrokerMessageHandler - BrokerAvailabilityEvent[available=true, SimpleBrokerMessageHandler [org.springframework.messaging.simp.broker.DefaultSubscriptionRegistry@35ca4cf9]]
2025-07-26 19:09:22 [restartedMain] INFO  o.s.m.s.b.SimpleBrokerMessageHandler - Started.
2025-07-26 19:09:22 [restartedMain] INFO  o.s.b.w.e.tomcat.TomcatWebServer - Tomcat started on port 8082 (http) with context path '/api/v1'
2025-07-26 19:09:22 [restartedMain] INFO  o.s.a.r.c.CachingConnectionFactory - Attempting to connect to: [localhost:5672]
2025-07-26 19:09:22 [restartedMain] INFO  o.s.a.r.c.CachingConnectionFactory - Created new connection: rabbitConnectionFactory#1a22d2dc:0/SimpleConnection@35a28119 [delegate=amqp://educonnect@127.0.0.1:5672/, localPort=57228]
2025-07-26 19:09:22 [restartedMain] INFO  c.e.d.EduConnectDiscussionServiceApplication - Started EduConnectDiscussionServiceApplication in 52.547 seconds (process running for 54.619)
2025-07-26 19:10:22 [MessageBroker-1] INFO  o.s.w.s.c.WebSocketMessageBrokerStats - WebSocketSession[0 current WS(0)-HttpStream(0)-HttpPoll(0), 0 total, 0 closed abnormally (0 connect failure, 0 send limit, 0 transport error)], stompSubProtocol[processed CONNECT(0)-CONNECTED(0)-DISCONNECT(0)], stompBrokerRelay[null], inboundChannel[pool size = 0, active threads = 0, queued tasks = 0, completed tasks = 0], outboundChannel[pool size = 0, active threads = 0, queued tasks = 0, completed tasks = 0], sockJsScheduler[pool size = 1, active threads = 1, queued tasks = 0, completed tasks = 0]
2025-07-26 19:25:20 [http-nio-8082-exec-1] INFO  o.a.c.c.C.[.[localhost].[/api/v1] - Initializing Spring DispatcherServlet 'dispatcherServlet'
2025-07-26 19:25:20 [http-nio-8082-exec-1] INFO  o.s.web.servlet.DispatcherServlet - Initializing Servlet 'dispatcherServlet'
2025-07-26 19:25:20 [http-nio-8082-exec-1] INFO  o.s.web.servlet.DispatcherServlet - Completed initialization in 5 ms
2025-07-26 19:25:20 [http-nio-8082-exec-1] DEBUG o.s.security.web.FilterChainProxy - Securing OPTIONS /discussions?size=5
2025-07-26 19:25:20 [http-nio-8082-exec-2] DEBUG o.s.security.web.FilterChainProxy - Securing GET /discussions?size=5
2025-07-26 19:25:20 [http-nio-8082-exec-2] DEBUG c.e.d.s.JwtAuthenticationFilterFixed - Fixed JWT Filter processing request: /api/v1/discussions
2025-07-26 19:25:20 [http-nio-8082-exec-2] DEBUG c.e.d.s.JwtAuthenticationFilterFixed - Authorization header: Present
2025-07-26 19:25:20 [http-nio-8082-exec-2] DEBUG c.e.d.s.JwtAuthenticationFilterFixed - Authorization header value: 'Bearer eyJhbGciOiJIUzUxMiJ9.eyJyb2xlIjoiU1RVREVOVCIsInVzZXJJZCI6OTMsImVtYWlsIjoibW95ZW51ZGRpbjA3NUBnbWFpbC5jb20iLCJzdWIiOiJtb3llbiIsImlhdCI6MTc1MzUzNjMxOCwiZXhwIjoxNzUzNjIyNzE4fQ.C7AJFgbP1q9Slhtnvb57RLQcTY5RYv1gA9mV47qAhQsk_u4R30jsIxJdImfH8oZQS7hduk2KZp9fS_RNrIrsew'
2025-07-26 19:25:20 [http-nio-8082-exec-2] DEBUG c.e.d.s.JwtAuthenticationFilterFixed - Header has text, checking if starts with 'Bearer '
2025-07-26 19:25:20 [http-nio-8082-exec-2] DEBUG c.e.d.s.JwtAuthenticationFilterFixed - Successfully extracted token, length: 258
2025-07-26 19:25:20 [http-nio-8082-exec-2] DEBUG c.e.d.s.JwtAuthenticationFilterFixed - Token preview: eyJhbGciOiJIUzUxMiJ9...
2025-07-26 19:25:20 [http-nio-8082-exec-2] DEBUG c.e.d.s.JwtAuthenticationFilterFixed - Parsed JWT token: Present (length: 258)
2025-07-26 19:25:20 [http-nio-8082-exec-2] DEBUG c.e.d.s.JwtAuthenticationFilterFixed - Validating JWT token...
2025-07-26 19:25:20 [http-nio-8082-exec-2] DEBUG c.e.d.security.JwtUtilsFixed - Validating JWT token...
2025-07-26 19:25:20 [http-nio-8082-exec-2] DEBUG c.e.d.security.JwtUtilsFixed - Using JWT secret with length: 128
2025-07-26 19:25:20 [http-nio-8082-exec-2] DEBUG c.e.d.security.JwtUtilsFixed - JWT token validation successful
2025-07-26 19:25:20 [http-nio-8082-exec-2] DEBUG c.e.d.s.JwtAuthenticationFilterFixed - JWT token validation result: true
2025-07-26 19:25:20 [http-nio-8082-exec-2] DEBUG c.e.d.s.JwtAuthenticationFilterFixed - Extracting user details from JWT...
2025-07-26 19:25:20 [http-nio-8082-exec-2] DEBUG c.e.d.security.JwtUtilsFixed - Using JWT secret with length: 128
2025-07-26 19:25:20 [http-nio-8082-exec-2] DEBUG c.e.d.security.JwtUtilsFixed - Using JWT secret with length: 128
2025-07-26 19:25:20 [http-nio-8082-exec-2] DEBUG c.e.d.security.JwtUtilsFixed - Using JWT secret with length: 128
2025-07-26 19:25:20 [http-nio-8082-exec-2] DEBUG c.e.d.security.JwtUtilsFixed - Using JWT secret with length: 128
2025-07-26 19:25:20 [http-nio-8082-exec-2] DEBUG c.e.d.security.JwtUtilsFixed - Using JWT secret with length: 128
2025-07-26 19:25:20 [http-nio-8082-exec-2] DEBUG c.e.d.s.JwtAuthenticationFilterFixed - Creating UserPrincipal for user: moyen with role: STUDENT
2025-07-26 19:25:20 [http-nio-8082-exec-2] DEBUG c.e.d.s.JwtAuthenticationFilterFixed - Successfully set authentication for user: moyen with authorities: [ROLE_STUDENT]
2025-07-26 19:25:20 [http-nio-8082-exec-2] DEBUG o.s.security.web.FilterChainProxy - Secured GET /discussions?size=5
2025-07-26 19:37:38 [org.springframework.amqp.rabbit.RabbitListenerEndpointContainer#0-1] INFO  c.e.d.listener.UserEventListener - Received user event: USER_CREATED for user ID: 94
2025-07-26 19:37:38 [org.springframework.amqp.rabbit.RabbitListenerEndpointContainer#0-1] INFO  c.e.d.listener.UserEventListener - Created user in Discussion Service: admin01 (ID: 94)
2025-07-26 19:40:22 [MessageBroker-1] INFO  o.s.w.s.c.WebSocketMessageBrokerStats - WebSocketSession[0 current WS(0)-HttpStream(0)-HttpPoll(0), 0 total, 0 closed abnormally (0 connect failure, 0 send limit, 0 transport error)], stompSubProtocol[processed CONNECT(0)-CONNECTED(0)-DISCONNECT(0)], stompBrokerRelay[null], inboundChannel[pool size = 0, active threads = 0, queued tasks = 0, completed tasks = 0], outboundChannel[pool size = 0, active threads = 0, queued tasks = 0, completed tasks = 0], sockJsScheduler[pool size = 2, active threads = 1, queued tasks = 0, completed tasks = 1]
2025-07-26 20:10:22 [MessageBroker-2] INFO  o.s.w.s.c.WebSocketMessageBrokerStats - WebSocketSession[0 current WS(0)-HttpStream(0)-HttpPoll(0), 0 total, 0 closed abnormally (0 connect failure, 0 send limit, 0 transport error)], stompSubProtocol[processed CONNECT(0)-CONNECTED(0)-DISCONNECT(0)], stompBrokerRelay[null], inboundChannel[pool size = 0, active threads = 0, queued tasks = 0, completed tasks = 0], outboundChannel[pool size = 0, active threads = 0, queued tasks = 0, completed tasks = 0], sockJsScheduler[pool size = 3, active threads = 1, queued tasks = 0, completed tasks = 2]
2025-07-26 20:53:46 [http-nio-8082-exec-6] DEBUG o.s.security.web.FilterChainProxy - Securing OPTIONS /discussions?size=5
2025-07-26 20:53:46 [http-nio-8082-exec-7] DEBUG o.s.security.web.FilterChainProxy - Securing GET /discussions?size=5
2025-07-26 20:53:46 [http-nio-8082-exec-7] DEBUG c.e.d.s.JwtAuthenticationFilterFixed - Fixed JWT Filter processing request: /api/v1/discussions
2025-07-26 20:53:46 [http-nio-8082-exec-7] DEBUG c.e.d.s.JwtAuthenticationFilterFixed - Authorization header: Present
2025-07-26 20:53:46 [http-nio-8082-exec-7] DEBUG c.e.d.s.JwtAuthenticationFilterFixed - Authorization header value: 'Bearer eyJhbGciOiJIUzUxMiJ9.eyJyb2xlIjoiU1RVREVOVCIsInVzZXJJZCI6OTMsImVtYWlsIjoibW95ZW51ZGRpbjA3NUBnbWFpbC5jb20iLCJzdWIiOiJtb3llbiIsImlhdCI6MTc1MzU0MTYyNiwiZXhwIjoxNzUzNjI4MDI2fQ.jsMWaUObkZ4U8wTZCnG1amQgWKkvVzPOv3C6XDe7hFVAP8Q4gWS1l_mQMHScBmefeg3K9ETTMRmPNp66PwwmmQ'
2025-07-26 20:53:46 [http-nio-8082-exec-7] DEBUG c.e.d.s.JwtAuthenticationFilterFixed - Header has text, checking if starts with 'Bearer '
2025-07-26 20:53:46 [http-nio-8082-exec-7] DEBUG c.e.d.s.JwtAuthenticationFilterFixed - Successfully extracted token, length: 258
2025-07-26 20:53:46 [http-nio-8082-exec-7] DEBUG c.e.d.s.JwtAuthenticationFilterFixed - Token preview: eyJhbGciOiJIUzUxMiJ9...
2025-07-26 20:53:46 [http-nio-8082-exec-7] DEBUG c.e.d.s.JwtAuthenticationFilterFixed - Parsed JWT token: Present (length: 258)
2025-07-26 20:53:46 [http-nio-8082-exec-7] DEBUG c.e.d.s.JwtAuthenticationFilterFixed - Validating JWT token...
2025-07-26 20:53:46 [http-nio-8082-exec-7] DEBUG c.e.d.security.JwtUtilsFixed - Validating JWT token...
2025-07-26 20:53:46 [http-nio-8082-exec-7] DEBUG c.e.d.security.JwtUtilsFixed - Using JWT secret with length: 128
2025-07-26 20:53:46 [http-nio-8082-exec-7] DEBUG c.e.d.security.JwtUtilsFixed - JWT token validation successful
2025-07-26 20:53:46 [http-nio-8082-exec-7] DEBUG c.e.d.s.JwtAuthenticationFilterFixed - JWT token validation result: true
2025-07-26 20:53:46 [http-nio-8082-exec-7] DEBUG c.e.d.s.JwtAuthenticationFilterFixed - Extracting user details from JWT...
2025-07-26 20:53:46 [http-nio-8082-exec-7] DEBUG c.e.d.security.JwtUtilsFixed - Using JWT secret with length: 128
2025-07-26 20:53:46 [http-nio-8082-exec-7] DEBUG c.e.d.security.JwtUtilsFixed - Using JWT secret with length: 128
2025-07-26 20:53:46 [http-nio-8082-exec-7] DEBUG c.e.d.security.JwtUtilsFixed - Using JWT secret with length: 128
2025-07-26 20:53:46 [http-nio-8082-exec-7] DEBUG c.e.d.security.JwtUtilsFixed - Using JWT secret with length: 128
2025-07-26 20:53:46 [http-nio-8082-exec-7] DEBUG c.e.d.security.JwtUtilsFixed - Using JWT secret with length: 128
2025-07-26 20:53:46 [http-nio-8082-exec-7] DEBUG c.e.d.s.JwtAuthenticationFilterFixed - Creating UserPrincipal for user: moyen with role: STUDENT
2025-07-26 20:53:46 [http-nio-8082-exec-7] DEBUG c.e.d.s.JwtAuthenticationFilterFixed - Successfully set authentication for user: moyen with authorities: [ROLE_STUDENT]
2025-07-26 20:53:46 [http-nio-8082-exec-7] DEBUG o.s.security.web.FilterChainProxy - Secured GET /discussions?size=5
2025-07-26 21:05:18 [MessageBroker-1] INFO  o.s.w.s.c.WebSocketMessageBrokerStats - WebSocketSession[0 current WS(0)-HttpStream(0)-HttpPoll(0), 0 total, 0 closed abnormally (0 connect failure, 0 send limit, 0 transport error)], stompSubProtocol[processed CONNECT(0)-CONNECTED(0)-DISCONNECT(0)], stompBrokerRelay[null], inboundChannel[pool size = 0, active threads = 0, queued tasks = 0, completed tasks = 0], outboundChannel[pool size = 0, active threads = 0, queued tasks = 0, completed tasks = 0], sockJsScheduler[pool size = 4, active threads = 1, queued tasks = 0, completed tasks = 3]
2025-07-26 21:35:18 [MessageBroker-3] INFO  o.s.w.s.c.WebSocketMessageBrokerStats - WebSocketSession[0 current WS(0)-HttpStream(0)-HttpPoll(0), 0 total, 0 closed abnormally (0 connect failure, 0 send limit, 0 transport error)], stompSubProtocol[processed CONNECT(0)-CONNECTED(0)-DISCONNECT(0)], stompBrokerRelay[null], inboundChannel[pool size = 0, active threads = 0, queued tasks = 0, completed tasks = 0], outboundChannel[pool size = 0, active threads = 0, queued tasks = 0, completed tasks = 0], sockJsScheduler[pool size = 5, active threads = 1, queued tasks = 0, completed tasks = 4]
2025-07-26 22:05:18 [MessageBroker-2] INFO  o.s.w.s.c.WebSocketMessageBrokerStats - WebSocketSession[0 current WS(0)-HttpStream(0)-HttpPoll(0), 0 total, 0 closed abnormally (0 connect failure, 0 send limit, 0 transport error)], stompSubProtocol[processed CONNECT(0)-CONNECTED(0)-DISCONNECT(0)], stompBrokerRelay[null], inboundChannel[pool size = 0, active threads = 0, queued tasks = 0, completed tasks = 0], outboundChannel[pool size = 0, active threads = 0, queued tasks = 0, completed tasks = 0], sockJsScheduler[pool size = 6, active threads = 1, queued tasks = 0, completed tasks = 5]
