[INFO] Scanning for projects...
[INFO] 
[INFO] -----------------< com.educonnect:discussion-service >------------------
[INFO] Building EduConnect Discussion Service 0.0.1-SNAPSHOT
[INFO]   from pom.xml
[INFO] --------------------------------[ jar ]---------------------------------
[INFO] 
[INFO] >>> spring-boot:3.5.3:run (default-cli) > test-compile @ discussion-service >>>
[INFO] 
[INFO] --- resources:3.3.1:resources (default-resources) @ discussion-service ---
[INFO] Copying 2 resources from src/main/resources to target/classes
[INFO] Copying 0 resource from src/main/resources to target/classes
[INFO] 
[INFO] --- compiler:3.14.0:compile (default-compile) @ discussion-service ---
[INFO] Recompiling the module because of changed source code.
[INFO] Compiling 108 source files with javac [debug parameters release 17] to target/classes
[INFO] -------------------------------------------------------------
[ERROR] COMPILATION ERROR : 
[INFO] -------------------------------------------------------------
[ERROR] /home/pridesys/projects/408_backend/educonnect-auth-service/discussion-service/src/main/java/com/educonnect/discussion/event/UserEvent.java:[4,14] package lombok does not exist
[ERROR] /home/pridesys/projects/408_backend/educonnect-auth-service/discussion-service/src/main/java/com/educonnect/discussion/event/UserEvent.java:[5,14] package lombok does not exist
[ERROR] /home/pridesys/projects/408_backend/educonnect-auth-service/discussion-service/src/main/java/com/educonnect/discussion/event/UserEvent.java:[6,14] package lombok does not exist
[ERROR] /home/pridesys/projects/408_backend/educonnect-auth-service/discussion-service/src/main/java/com/educonnect/discussion/event/UserEvent.java:[7,14] package lombok does not exist
[ERROR] /home/pridesys/projects/408_backend/educonnect-auth-service/discussion-service/src/main/java/com/educonnect/discussion/event/UserEvent.java:[11,2] cannot find symbol
  symbol: class Data
[ERROR] /home/pridesys/projects/408_backend/educonnect-auth-service/discussion-service/src/main/java/com/educonnect/discussion/event/UserEvent.java:[12,2] cannot find symbol
  symbol: class NoArgsConstructor
[ERROR] /home/pridesys/projects/408_backend/educonnect-auth-service/discussion-service/src/main/java/com/educonnect/discussion/event/UserEvent.java:[13,2] cannot find symbol
  symbol: class AllArgsConstructor
[ERROR] /home/pridesys/projects/408_backend/educonnect-auth-service/discussion-service/src/main/java/com/educonnect/discussion/event/UserEvent.java:[14,2] cannot find symbol
  symbol: class Builder
[ERROR] /home/pridesys/projects/408_backend/educonnect-auth-service/discussion-service/src/main/java/com/educonnect/discussion/listener/UserEventListener.java:[7,14] package lombok does not exist
[ERROR] /home/pridesys/projects/408_backend/educonnect-auth-service/discussion-service/src/main/java/com/educonnect/discussion/listener/UserEventListener.java:[8,27] package lombok.extern.slf4j does not exist
[ERROR] /home/pridesys/projects/408_backend/educonnect-auth-service/discussion-service/src/main/java/com/educonnect/discussion/listener/UserEventListener.java:[16,2] cannot find symbol
  symbol: class RequiredArgsConstructor
[ERROR] /home/pridesys/projects/408_backend/educonnect-auth-service/discussion-service/src/main/java/com/educonnect/discussion/listener/UserEventListener.java:[17,2] cannot find symbol
  symbol: class Slf4j
[INFO] 12 errors 
[INFO] -------------------------------------------------------------
[INFO] ------------------------------------------------------------------------
[INFO] BUILD FAILURE
[INFO] ------------------------------------------------------------------------
[INFO] Total time:  3.895 s
[INFO] Finished at: 2025-07-21T10:02:11+06:00
[INFO] ------------------------------------------------------------------------
[ERROR] Failed to execute goal org.apache.maven.plugins:maven-compiler-plugin:3.14.0:compile (default-compile) on project discussion-service: Compilation failure: Compilation failure: 
[ERROR] /home/pridesys/projects/408_backend/educonnect-auth-service/discussion-service/src/main/java/com/educonnect/discussion/event/UserEvent.java:[4,14] package lombok does not exist
[ERROR] /home/pridesys/projects/408_backend/educonnect-auth-service/discussion-service/src/main/java/com/educonnect/discussion/event/UserEvent.java:[5,14] package lombok does not exist
[ERROR] /home/pridesys/projects/408_backend/educonnect-auth-service/discussion-service/src/main/java/com/educonnect/discussion/event/UserEvent.java:[6,14] package lombok does not exist
[ERROR] /home/pridesys/projects/408_backend/educonnect-auth-service/discussion-service/src/main/java/com/educonnect/discussion/event/UserEvent.java:[7,14] package lombok does not exist
[ERROR] /home/pridesys/projects/408_backend/educonnect-auth-service/discussion-service/src/main/java/com/educonnect/discussion/event/UserEvent.java:[11,2] cannot find symbol
[ERROR]   symbol: class Data
[ERROR] /home/pridesys/projects/408_backend/educonnect-auth-service/discussion-service/src/main/java/com/educonnect/discussion/event/UserEvent.java:[12,2] cannot find symbol
[ERROR]   symbol: class NoArgsConstructor
[ERROR] /home/pridesys/projects/408_backend/educonnect-auth-service/discussion-service/src/main/java/com/educonnect/discussion/event/UserEvent.java:[13,2] cannot find symbol
[ERROR]   symbol: class AllArgsConstructor
[ERROR] /home/pridesys/projects/408_backend/educonnect-auth-service/discussion-service/src/main/java/com/educonnect/discussion/event/UserEvent.java:[14,2] cannot find symbol
[ERROR]   symbol: class Builder
[ERROR] /home/pridesys/projects/408_backend/educonnect-auth-service/discussion-service/src/main/java/com/educonnect/discussion/listener/UserEventListener.java:[7,14] package lombok does not exist
[ERROR] /home/pridesys/projects/408_backend/educonnect-auth-service/discussion-service/src/main/java/com/educonnect/discussion/listener/UserEventListener.java:[8,27] package lombok.extern.slf4j does not exist
[ERROR] /home/pridesys/projects/408_backend/educonnect-auth-service/discussion-service/src/main/java/com/educonnect/discussion/listener/UserEventListener.java:[16,2] cannot find symbol
[ERROR]   symbol: class RequiredArgsConstructor
[ERROR] /home/pridesys/projects/408_backend/educonnect-auth-service/discussion-service/src/main/java/com/educonnect/discussion/listener/UserEventListener.java:[17,2] cannot find symbol
[ERROR]   symbol: class Slf4j
[ERROR] -> [Help 1]
[ERROR] 
[ERROR] To see the full stack trace of the errors, re-run Maven with the -e switch.
[ERROR] Re-run Maven using the -X switch to enable full debug logging.
[ERROR] 
[ERROR] For more information about the errors and possible solutions, please read the following articles:
[ERROR] [Help 1] http://cwiki.apache.org/confluence/display/MAVEN/MojoFailureException
