#
# There is insufficient memory for the Java Runtime Environment to continue.
# Native memory allocation (malloc) failed to allocate 1959776 bytes. Error detail: Chunk::new
# Possible reasons:
#   The system is out of physical RAM or swap space
#   This process is running with CompressedOops enabled, and the Java Heap may be blocking the growth of the native heap
# Possible solutions:
#   Reduce memory load on the system
#   Increase physical memory or swap space
#   Check if swap backing store is full
#   Decrease Java heap size (-Xmx/-Xms)
#   Decrease number of Java threads
#   Decrease Java thread stack sizes (-Xss)
#   Set larger code cache with -XX:ReservedCodeCacheSize=
#   JVM is running with Unscaled Compressed Oops mode in which the Java heap is
#     placed in the first 4GB address space. The Java Heap base address is the
#     maximum limit for the native heap growth. Please use -XX:HeapBaseMinAddress
#     to set the Java Heap base and to place the Java Heap above 4GB virtual address.
# This output file may be truncated or incomplete.
#
#  Out of Memory Error (arena.cpp:168), pid=27800, tid=31228
#
# JRE version: OpenJDK Runtime Environment Temurin-21.0.7+6 (21.0.7+6) (build 21.0.7+6-LTS)
# Java VM: OpenJDK 64-Bit Server VM Temurin-21.0.7+6 (21.0.7+6-LTS, mixed mode, sharing, tiered, compressed oops, compressed class ptrs, parallel gc, windows-amd64)
# No core dump will be written. Minidumps are not enabled by default on client versions of Windows
#

---------------  S U M M A R Y ------------

Command Line: --add-modules=ALL-SYSTEM --add-opens=java.base/java.util=ALL-UNNAMED --add-opens=java.base/java.lang=ALL-UNNAMED --add-opens=java.base/sun.nio.fs=ALL-UNNAMED -Declipse.application=org.eclipse.jdt.ls.core.id1 -Dosgi.bundles.defaultStartLevel=4 -Declipse.product=org.eclipse.jdt.ls.core.product -Djava.import.generatesMetadataFilesAtProjectRoot=false -DDetectVMInstallationsJob.disabled=true -Dfile.encoding=utf8 -XX:+UseParallelGC -XX:GCTimeRatio=4 -XX:AdaptiveSizePolicyWeight=90 -Dsun.zip.disableMemoryMapping=true -Xmx2G -Xms100m -Xlog:disable -javaagent:c:\Users\moyen\.vscode\extensions\redhat.java-1.43.1-win32-x64\lombok\lombok-1.18.39-4050.jar -XX:+HeapDumpOnOutOfMemoryError -XX:HeapDumpPath=c:\Users\moyen\AppData\Roaming\Code\User\workspaceStorage\bd6f6ca4053dd209040867789831c2ef\redhat.java -Daether.dependencyCollector.impl=bf c:\Users\moyen\.vscode\extensions\redhat.java-1.43.1-win32-x64\server\plugins\org.eclipse.equinox.launcher_1.7.0.v20250519-0528.jar -configuration c:\Users\moyen\AppData\Roaming\Code\User\globalStorage\redhat.java\1.43.1\config_win -data c:\Users\moyen\AppData\Roaming\Code\User\workspaceStorage\bd6f6ca4053dd209040867789831c2ef\redhat.java\jdt_ws --pipe=\\.\pipe\lsp-12d8297032aacf0fc12b66a1461ed0de-sock

Host: AMD Ryzen 7 4800H with Radeon Graphics         , 16 cores, 7G,  Windows 11 , 64 bit Build 26100 (10.0.26100.4484)
Time: Fri Jul 11 08:24:03 2025 Bangladesh Standard Time elapsed time: 801.803344 seconds (0d 0h 13m 21s)

---------------  T H R E A D  ---------------

Current thread (0x000001f841a8b650):  JavaThread "C2 CompilerThread0" daemon [_thread_in_native, id=31228, stack(0x000000d3d5a00000,0x000000d3d5b00000) (1024K)]


Current CompileTask:
C2:801803 21769       4       org.eclipse.jdt.internal.compiler.lookup.Scope::getTypeOrPackage (1525 bytes)

Stack: [0x000000d3d5a00000,0x000000d3d5b00000]
Native frames: (J=compiled Java code, j=interpreted, Vv=VM code, C=native code)
V  [jvm.dll+0x6ce119]
V  [jvm.dll+0x8a84a1]
V  [jvm.dll+0x8aa9ce]
V  [jvm.dll+0x8ab0b3]
V  [jvm.dll+0x27f8a6]
V  [jvm.dll+0xc507d]
V  [jvm.dll+0xc55b3]
V  [jvm.dll+0x3b692c]
V  [jvm.dll+0x382aa5]
V  [jvm.dll+0x381f0a]
V  [jvm.dll+0x247af0]
V  [jvm.dll+0x2470cf]
V  [jvm.dll+0x1c760e]
V  [jvm.dll+0x25695a]
V  [jvm.dll+0x254efa]
V  [jvm.dll+0x3f03f6]
V  [jvm.dll+0x851f6b]
V  [jvm.dll+0x6cc7dd]
C  [ucrtbase.dll+0x37b0]
C  [KERNEL32.DLL+0x2e8d7]
C  [ntdll.dll+0x3c34c]


---------------  P R O C E S S  ---------------

Threads class SMR info:
_java_thread_list=0x000001f8a48e4be0, length=70, elements={
0x000001f83f5bcfc0, 0x000001f84197d930, 0x000001f84197e6e0, 0x000001f841a7ca20,
0x000001f841a79c30, 0x000001f841a7bd00, 0x000001f841a7b670, 0x000001f841a8b650,
0x000001f89a805720, 0x000001f841a795a0, 0x000001f841a7a2c0, 0x000001f841a7a950,
0x000001f841a7afe0, 0x000001f89c1e9d50, 0x000001f89c1ea3e0, 0x000001f89c1e7c80,
0x000001f89c1e9030, 0x000001f89c1e8310, 0x000001f89c1e96c0, 0x000001f89c1ee580,
0x000001f89c1ec4b0, 0x000001f89c1ed1d0, 0x000001f89c1edef0, 0x000001f89c1ed860,
0x000001f89c1eb100, 0x000001f8a389a380, 0x000001f8a389b0a0, 0x000001f8a389aa10,
0x000001f8a389c450, 0x000001f8a389b730, 0x000001f8a389d170, 0x000001f8a389bdc0,
0x000001f8a3899cf0, 0x000001f8a389ebb0, 0x000001f8a389f8d0, 0x000001f8a389d800,
0x000001f8a389de90, 0x000001f8a389f240, 0x000001f8a389cae0, 0x000001f8a389ff60,
0x000001f8a3df3690, 0x000001f8a3df3000, 0x000001f8a3df5760, 0x000001f8a3df43b0,
0x000001f8a3df4a40, 0x000001f8a28e0250, 0x000001f8a28ddaf0, 0x000001f8a28deea0,
0x000001f8a28dfbc0, 0x000001f8a28de810, 0x000001f8a28de180, 0x000001f8a28df530,
0x000001f8a28e3d60, 0x000001f8a28e2320, 0x000001f8a28e36d0, 0x000001f8a28e3040,
0x000001f89c1ebe20, 0x000001f8a3d79840, 0x000001f8a3d7b280, 0x000001f8a3d77e00,
0x000001f8a3d7e070, 0x000001f8a3d7d9e0, 0x000001f8a3d7c630, 0x000001f8a3d770e0,
0x000001f8a4e59520, 0x000001f8a4e58e90, 0x000001f8a4e5a8d0, 0x000001f8a4e5b5f0,
0x000001f8ae086640, 0x000001f8ae0851d0
}

Java Threads: ( => current thread )
  0x000001f83f5bcfc0 JavaThread "main"                              [_thread_blocked, id=29568, stack(0x000000d3d5000000,0x000000d3d5100000) (1024K)]
  0x000001f84197d930 JavaThread "Reference Handler"          daemon [_thread_blocked, id=31408, stack(0x000000d3d5400000,0x000000d3d5500000) (1024K)]
  0x000001f84197e6e0 JavaThread "Finalizer"                  daemon [_thread_blocked, id=32088, stack(0x000000d3d5500000,0x000000d3d5600000) (1024K)]
  0x000001f841a7ca20 JavaThread "Signal Dispatcher"          daemon [_thread_blocked, id=9184, stack(0x000000d3d5600000,0x000000d3d5700000) (1024K)]
  0x000001f841a79c30 JavaThread "Attach Listener"            daemon [_thread_blocked, id=24932, stack(0x000000d3d5700000,0x000000d3d5800000) (1024K)]
  0x000001f841a7bd00 JavaThread "Service Thread"             daemon [_thread_blocked, id=30632, stack(0x000000d3d5800000,0x000000d3d5900000) (1024K)]
  0x000001f841a7b670 JavaThread "Monitor Deflation Thread"   daemon [_thread_blocked, id=12736, stack(0x000000d3d5900000,0x000000d3d5a00000) (1024K)]
=>0x000001f841a8b650 JavaThread "C2 CompilerThread0"         daemon [_thread_in_native, id=31228, stack(0x000000d3d5a00000,0x000000d3d5b00000) (1024K)]
  0x000001f89a805720 JavaThread "C1 CompilerThread0"         daemon [_thread_blocked, id=26224, stack(0x000000d3d5b00000,0x000000d3d5c00000) (1024K)]
  0x000001f841a795a0 JavaThread "Common-Cleaner"             daemon [_thread_blocked, id=32588, stack(0x000000d3d5c00000,0x000000d3d5d00000) (1024K)]
  0x000001f841a7a2c0 JavaThread "Notification Thread"        daemon [_thread_blocked, id=30696, stack(0x000000d3d6100000,0x000000d3d6200000) (1024K)]
  0x000001f841a7a950 JavaThread "Active Thread: Equinox Container: 699760c4-f2e0-4f7e-ae40-f6911a52977d"        [_thread_blocked, id=34648, stack(0x000000d3d6800000,0x000000d3d6900000) (1024K)]
  0x000001f841a7afe0 JavaThread "Refresh Thread: Equinox Container: 699760c4-f2e0-4f7e-ae40-f6911a52977d" daemon [_thread_blocked, id=22016, stack(0x000000d3d5f00000,0x000000d3d6000000) (1024K)]
  0x000001f89c1e9d50 JavaThread "Framework Event Dispatcher: Equinox Container: 699760c4-f2e0-4f7e-ae40-f6911a52977d" daemon [_thread_blocked, id=1856, stack(0x000000d3d6000000,0x000000d3d6100000) (1024K)]
  0x000001f89c1ea3e0 JavaThread "Start Level: Equinox Container: 699760c4-f2e0-4f7e-ae40-f6911a52977d" daemon [_thread_blocked, id=30384, stack(0x000000d3d6900000,0x000000d3d6a00000) (1024K)]
  0x000001f89c1e7c80 JavaThread "Bundle File Closer"         daemon [_thread_blocked, id=1504, stack(0x000000d3d6d00000,0x000000d3d6e00000) (1024K)]
  0x000001f89c1e9030 JavaThread "SCR Component Actor"        daemon [_thread_blocked, id=31452, stack(0x000000d3d6c00000,0x000000d3d6d00000) (1024K)]
  0x000001f89c1e8310 JavaThread "Worker-JM"                         [_thread_blocked, id=23780, stack(0x000000d3d7300000,0x000000d3d7400000) (1024K)]
  0x000001f89c1e96c0 JavaThread "JNA Cleaner"                daemon [_thread_blocked, id=9816, stack(0x000000d3d7600000,0x000000d3d7700000) (1024K)]
  0x000001f89c1ee580 JavaThread "Java indexing"              daemon [_thread_blocked, id=13380, stack(0x000000d3d7900000,0x000000d3d7a00000) (1024K)]
  0x000001f89c1ec4b0 JavaThread "Thread-2"                   daemon [_thread_in_native, id=26144, stack(0x000000d3d8000000,0x000000d3d8100000) (1024K)]
  0x000001f89c1ed1d0 JavaThread "Thread-3"                   daemon [_thread_in_native, id=33412, stack(0x000000d3d8100000,0x000000d3d8200000) (1024K)]
  0x000001f89c1edef0 JavaThread "Thread-4"                   daemon [_thread_in_native, id=33952, stack(0x000000d3d8200000,0x000000d3d8300000) (1024K)]
  0x000001f89c1ed860 JavaThread "Thread-5"                   daemon [_thread_in_native, id=32952, stack(0x000000d3d8300000,0x000000d3d8400000) (1024K)]
  0x000001f89c1eb100 JavaThread "Thread-6"                   daemon [_thread_in_native, id=29836, stack(0x000000d3d8400000,0x000000d3d8500000) (1024K)]
  0x000001f8a389a380 JavaThread "Thread-7"                   daemon [_thread_in_native, id=14112, stack(0x000000d3d8500000,0x000000d3d8600000) (1024K)]
  0x000001f8a389b0a0 JavaThread "Thread-8"                   daemon [_thread_in_native, id=33976, stack(0x000000d3d8600000,0x000000d3d8700000) (1024K)]
  0x000001f8a389aa10 JavaThread "Thread-9"                   daemon [_thread_in_native, id=27296, stack(0x000000d3d8700000,0x000000d3d8800000) (1024K)]
  0x000001f8a389c450 JavaThread "Thread-10"                  daemon [_thread_in_native, id=33356, stack(0x000000d3d8800000,0x000000d3d8900000) (1024K)]
  0x000001f8a389b730 JavaThread "Thread-11"                  daemon [_thread_in_native, id=29228, stack(0x000000d3d8900000,0x000000d3d8a00000) (1024K)]
  0x000001f8a389d170 JavaThread "Thread-12"                  daemon [_thread_in_native, id=31184, stack(0x000000d3d8a00000,0x000000d3d8b00000) (1024K)]
  0x000001f8a389bdc0 JavaThread "Thread-13"                  daemon [_thread_in_native, id=3236, stack(0x000000d3d8b00000,0x000000d3d8c00000) (1024K)]
  0x000001f8a3899cf0 JavaThread "Thread-14"                  daemon [_thread_in_native, id=29832, stack(0x000000d3d8c00000,0x000000d3d8d00000) (1024K)]
  0x000001f8a389ebb0 JavaThread "Thread-15"                  daemon [_thread_in_native, id=28496, stack(0x000000d3d8d00000,0x000000d3d8e00000) (1024K)]
  0x000001f8a389f8d0 JavaThread "Thread-16"                  daemon [_thread_in_native, id=3140, stack(0x000000d3d8e00000,0x000000d3d8f00000) (1024K)]
  0x000001f8a389d800 JavaThread "Thread-17"                  daemon [_thread_in_native, id=11140, stack(0x000000d3d8f00000,0x000000d3d9000000) (1024K)]
  0x000001f8a389de90 JavaThread "Thread-18"                  daemon [_thread_in_native, id=26380, stack(0x000000d3d9000000,0x000000d3d9100000) (1024K)]
  0x000001f8a389f240 JavaThread "pool-2-thread-1"                   [_thread_blocked, id=28572, stack(0x000000d3d9100000,0x000000d3d9200000) (1024K)]
  0x000001f8a389cae0 JavaThread "WorkspaceEventsHandler"            [_thread_blocked, id=2532, stack(0x000000d3d9200000,0x000000d3d9300000) (1024K)]
  0x000001f8a389ff60 JavaThread "pool-1-thread-1"                   [_thread_blocked, id=16088, stack(0x000000d3d9300000,0x000000d3d9400000) (1024K)]
  0x000001f8a3df3690 JavaThread "LocalFile Deleter"          daemon [_thread_blocked, id=23180, stack(0x000000d3d9c00000,0x000000d3d9d00000) (1024K)]
  0x000001f8a3df3000 JavaThread "LocalFile Deleter"          daemon [_thread_blocked, id=4724, stack(0x000000d3d9d00000,0x000000d3d9e00000) (1024K)]
  0x000001f8a3df5760 JavaThread "LocalFile Deleter"          daemon [_thread_blocked, id=15948, stack(0x000000d3d9e00000,0x000000d3d9f00000) (1024K)]
  0x000001f8a3df43b0 JavaThread "LocalFile Deleter"          daemon [_thread_blocked, id=17804, stack(0x000000d3da200000,0x000000d3da300000) (1024K)]
  0x000001f8a3df4a40 JavaThread "LocalFile Deleter"          daemon [_thread_blocked, id=10288, stack(0x000000d3da300000,0x000000d3da400000) (1024K)]
  0x000001f8a28e0250 JavaThread "Compiler Source File Reader" daemon [_thread_blocked, id=2184, stack(0x000000d3da400000,0x000000d3da500000) (1024K)]
  0x000001f8a28ddaf0 JavaThread "Compiler Source File Reader" daemon [_thread_blocked, id=25144, stack(0x000000d3da500000,0x000000d3da600000) (1024K)]
  0x000001f8a28deea0 JavaThread "Compiler Source File Reader" daemon [_thread_blocked, id=34444, stack(0x000000d3da600000,0x000000d3da700000) (1024K)]
  0x000001f8a28dfbc0 JavaThread "Compiler Source File Reader" daemon [_thread_blocked, id=20968, stack(0x000000d3da700000,0x000000d3da800000) (1024K)]
  0x000001f8a28de810 JavaThread "Compiler Source File Reader" daemon [_thread_blocked, id=13996, stack(0x000000d3da800000,0x000000d3da900000) (1024K)]
  0x000001f8a28de180 JavaThread "Compiler Source File Reader" daemon [_thread_blocked, id=21292, stack(0x000000d3da900000,0x000000d3daa00000) (1024K)]
  0x000001f8a28df530 JavaThread "Compiler Source File Reader" daemon [_thread_blocked, id=34784, stack(0x000000d3daa00000,0x000000d3dab00000) (1024K)]
  0x000001f8a28e3d60 JavaThread "Compiler Source File Reader" daemon [_thread_blocked, id=16292, stack(0x000000d3dad00000,0x000000d3dae00000) (1024K)]
  0x000001f8a28e2320 JavaThread "Compiler Source File Reader" daemon [_thread_blocked, id=20848, stack(0x000000d3daf00000,0x000000d3db000000) (1024K)]
  0x000001f8a28e36d0 JavaThread "Compiler Source File Reader" daemon [_thread_blocked, id=19612, stack(0x000000d3db000000,0x000000d3db100000) (1024K)]
  0x000001f8a28e3040 JavaThread "Compiler Source File Reader" daemon [_thread_blocked, id=20728, stack(0x000000d3db100000,0x000000d3db200000) (1024K)]
  0x000001f89c1ebe20 JavaThread "ForkJoinPool.commonPool-worker-5" daemon [_thread_blocked, id=2052, stack(0x000000d3dc400000,0x000000d3dc500000) (1024K)]
  0x000001f8a3d79840 JavaThread "ForkJoinPool.commonPool-worker-11" daemon [_thread_blocked, id=14704, stack(0x000000d3dca00000,0x000000d3dcb00000) (1024K)]
  0x000001f8a3d7b280 JavaThread "ForkJoinPool.commonPool-worker-12" daemon [_thread_blocked, id=4808, stack(0x000000d3d4e00000,0x000000d3d4f00000) (1024K)]
  0x000001f8a3d77e00 JavaThread "ForkJoinPool.commonPool-worker-13" daemon [_thread_blocked, id=13596, stack(0x000000d3d7a00000,0x000000d3d7b00000) (1024K)]
  0x000001f8a3d7e070 JavaThread "ForkJoinPool.commonPool-worker-14" daemon [_thread_blocked, id=18248, stack(0x000000d3d7c00000,0x000000d3d7d00000) (1024K)]
  0x000001f8a3d7d9e0 JavaThread "Worker-9"                          [_thread_blocked, id=5628, stack(0x000000d3d6e00000,0x000000d3d6f00000) (1024K)]
  0x000001f8a3d7c630 JavaThread "Worker-10: Building"               [_thread_in_vm, id=34144, stack(0x000000d3d7700000,0x000000d3d7800000) (1024K)]
  0x000001f8a3d770e0 JavaThread "Compiler Source File Reader" daemon [_thread_blocked, id=29132, stack(0x000000d3d7200000,0x000000d3d7300000) (1024K)]
  0x000001f8a4e59520 JavaThread "Compiler Source File Reader" daemon [_thread_blocked, id=29664, stack(0x000000d3d7800000,0x000000d3d7900000) (1024K)]
  0x000001f8a4e58e90 JavaThread "Compiler Source File Reader" daemon [_thread_blocked, id=11384, stack(0x000000d3d7b00000,0x000000d3d7c00000) (1024K)]
  0x000001f8a4e5a8d0 JavaThread "Worker-11"                         [_thread_blocked, id=13656, stack(0x000000d3d4d00000,0x000000d3d4e00000) (1024K)]
  0x000001f8a4e5b5f0 JavaThread "Compiler Processing Task"   daemon [_thread_blocked, id=33804, stack(0x000000d3d4f00000,0x000000d3d5000000) (1024K)]
  0x000001f8ae086640 JavaThread "C2 CompilerThread1"         daemon [_thread_in_native, id=30456, stack(0x000000d3d6f00000,0x000000d3d7000000) (1024K)]
  0x000001f8ae0851d0 JavaThread "C2 CompilerThread2"         daemon [_thread_in_native, id=31656, stack(0x000000d3d7100000,0x000000d3d7200000) (1024K)]
Total: 70

Other Threads:
  0x000001f841964920 VMThread "VM Thread"                           [id=33676, stack(0x000000d3d5300000,0x000000d3d5400000) (1024K)]
  0x000001f84185ca00 WatcherThread "VM Periodic Task Thread"        [id=23768, stack(0x000000d3d5200000,0x000000d3d5300000) (1024K)]
  0x000001f8419ef100 WorkerThread "GC Thread#0"                     [id=29460, stack(0x000000d3d5100000,0x000000d3d5200000) (1024K)]
  0x000001f89c8148d0 WorkerThread "GC Thread#1"                     [id=29796, stack(0x000000d3d6200000,0x000000d3d6300000) (1024K)]
  0x000001f89c4e4c30 WorkerThread "GC Thread#2"                     [id=32848, stack(0x000000d3d6300000,0x000000d3d6400000) (1024K)]
  0x000001f89c4e4fd0 WorkerThread "GC Thread#3"                     [id=30936, stack(0x000000d3d6400000,0x000000d3d6500000) (1024K)]
  0x000001f89c8cd810 WorkerThread "GC Thread#4"                     [id=1232, stack(0x000000d3d6500000,0x000000d3d6600000) (1024K)]
  0x000001f89c8cdbb0 WorkerThread "GC Thread#5"                     [id=32544, stack(0x000000d3d6600000,0x000000d3d6700000) (1024K)]
  0x000001f89c8cdf50 WorkerThread "GC Thread#6"                     [id=32048, stack(0x000000d3d6700000,0x000000d3d6800000) (1024K)]
  0x000001f8a149b610 WorkerThread "GC Thread#7"                     [id=8272, stack(0x000000d3d5e00000,0x000000d3d5f00000) (1024K)]
  0x000001f8a1456fe0 WorkerThread "GC Thread#8"                     [id=32532, stack(0x000000d3d5d00000,0x000000d3d5e00000) (1024K)]
  0x000001f89c47c6d0 WorkerThread "GC Thread#9"                     [id=30924, stack(0x000000d3d6a00000,0x000000d3d6b00000) (1024K)]
  0x000001f89c47ce10 WorkerThread "GC Thread#10"                    [id=2164, stack(0x000000d3d6b00000,0x000000d3d6c00000) (1024K)]
  0x000001f89c47c330 WorkerThread "GC Thread#11"                    [id=18960, stack(0x000000d3d7000000,0x000000d3d7100000) (1024K)]
  0x000001f89c47ca70 WorkerThread "GC Thread#12"                    [id=32788, stack(0x000000d3d7500000,0x000000d3d7600000) (1024K)]
Total: 15

Threads with active compile tasks:
C2 CompilerThread0  801886 21769       4       org.eclipse.jdt.internal.compiler.lookup.Scope::getTypeOrPackage (1525 bytes)
C2 CompilerThread1  801886 21794       4       org.eclipse.jdt.internal.compiler.lookup.BoundSet::incorporate (1297 bytes)
C2 CompilerThread2  801886 21791       4       org.eclipse.jdt.internal.compiler.ast.MessageSend::resolveType (2131 bytes)
Total: 3

VM state: not at safepoint (normal execution)

VM Mutex/Monitor currently owned by a thread:  ([mutex/lock_event])
[0x00007ffd5b64e408] Heap_lock - owner thread: 0x000001f8a3d7c630
[0x00007ffd5b64e888] PSOldGenExpand_lock - owner thread: 0x000001f8a3d7c630

Heap address: 0x0000000080000000, size: 2048 MB, Compressed Oops mode: 32-bit

CDS archive(s) mapped at: [0x000001f859000000-0x000001f859ba0000-0x000001f859ba0000), size 12189696, SharedBaseAddress: 0x000001f859000000, ArchiveRelocationMode: 1.
Compressed class space mapped at: 0x000001f85a000000-0x000001f89a000000, reserved size: 1073741824
Narrow klass base: 0x000001f859000000, Narrow klass shift: 0, Narrow klass range: 0x100000000

GC Precious Log:
 CardTable entry size: 512
 CPUs: 16 total, 16 available
 Memory: 7599M
 Large Page Support: Disabled
 NUMA Support: Disabled
 Compressed Oops: Enabled (32-bit)
 Alignments: Space 512K, Generation 512K, Heap 2M
 Heap Min Capacity: 100M
 Heap Initial Capacity: 100M
 Heap Max Capacity: 2G
 Pre-touch: Disabled
 Parallel Workers: 13

Heap:
 PSYoungGen      total 2560K, used 1550K [0x00000000d5580000, 0x00000000d5900000, 0x0000000100000000)
  eden space 1536K, 66% used [0x00000000d5580000,0x00000000d567df40,0x00000000d5700000)
  from space 1024K, 52% used [0x00000000d5700000,0x00000000d5785ab8,0x00000000d5800000)
  to   space 1024K, 0% used [0x00000000d5800000,0x00000000d5800000,0x00000000d5900000)
 ParOldGen       total 1303040K, used 1302907K [0x0000000080000000, 0x00000000cf880000, 0x00000000d5580000)
  object space 1303040K, 99% used [0x0000000080000000,0x00000000cf85ee30,0x00000000cf880000)
 Metaspace       used 78631K, committed 80384K, reserved 1179648K
  class space    used 7761K, committed 8576K, reserved 1048576K

Card table byte_map: [0x000001f841370000,0x000001f841780000] _byte_map_base: 0x000001f840f70000

Marking Bits: (ParMarkBitMap*) 0x00007ffd5b6531f0
 Begin Bits: [0x000001f853e70000, 0x000001f855e70000)
 End Bits:   [0x000001f855e70000, 0x000001f857e70000)

Polling page: 0x000001f83f840000

Metaspace:

Usage:
  Non-class:     69.21 MB used.
      Class:      7.58 MB used.
       Both:     76.79 MB used.

Virtual space:
  Non-class space:      128.00 MB reserved,      70.12 MB ( 55%) committed,  2 nodes.
      Class space:        1.00 GB reserved,       8.38 MB ( <1%) committed,  1 nodes.
             Both:        1.12 GB reserved,      78.50 MB (  7%) committed. 

Chunk freelists:
   Non-Class:  9.70 MB
       Class:  7.68 MB
        Both:  17.38 MB

MaxMetaspaceSize: unlimited
CompressedClassSpaceSize: 1.00 GB
Initial GC threshold: 21.00 MB
Current GC threshold: 130.31 MB
CDS: on
 - commit_granule_bytes: 65536.
 - commit_granule_words: 8192.
 - virtual_space_node_default_size: 8388608.
 - enlarge_chunks_in_place: 1.
 - use_allocation_guard: 0.


Internal statistics:

num_allocs_failed_limit: 11.
num_arena_births: 1534.
num_arena_deaths: 22.
num_vsnodes_births: 3.
num_vsnodes_deaths: 0.
num_space_committed: 1256.
num_space_uncommitted: 0.
num_chunks_returned_to_freelist: 37.
num_chunks_taken_from_freelist: 5350.
num_chunk_merges: 17.
num_chunk_splits: 3179.
num_chunks_enlarged: 1693.
num_inconsistent_stats: 0.

CodeHeap 'non-profiled nmethods': size=119168Kb used=13843Kb max_used=18991Kb free=105324Kb
 bounds [0x000001f84c760000, 0x000001f84d9f0000, 0x000001f853bc0000]
CodeHeap 'profiled nmethods': size=119104Kb used=30981Kb max_used=47344Kb free=88122Kb
 bounds [0x000001f844bc0000, 0x000001f847a00000, 0x000001f84c010000]
CodeHeap 'non-nmethods': size=7488Kb used=1521Kb max_used=3256Kb free=5966Kb
 bounds [0x000001f84c010000, 0x000001f84c350000, 0x000001f84c760000]
 total_blobs=14508 nmethods=13708 adapters=702
 compilation: enabled
              stopped_count=0, restarted_count=0
 full_count=0

Compilation events (20 events):
Event: 801.320 Thread 0x000001f8ae0851d0 nmethod 21779 0x000001f84c905410 code [0x000001f84c9057e0, 0x000001f84c907378]
Event: 801.321 Thread 0x000001f8ae0851d0 21791       4       org.eclipse.jdt.internal.compiler.ast.MessageSend::resolveType (2131 bytes)
Event: 801.438 Thread 0x000001f89a805720 21802       3       java.util.DualPivotQuicksort::sort (77 bytes)
Event: 801.446 Thread 0x000001f89a805720 nmethod 21802 0x000001f8456cb510 code [0x000001f8456cb720, 0x000001f8456cbc00]
Event: 801.451 Thread 0x000001f89a805720 21805       3       org.eclipse.jdt.internal.compiler.codegen.StackMapFrameCodeStream::getFramePositions (73 bytes)
Event: 801.453 Thread 0x000001f89a805720 nmethod 21805 0x000001f844e4c290 code [0x000001f844e4c4c0, 0x000001f844e4cd18]
Event: 801.453 Thread 0x000001f89a805720 21808       3       org.eclipse.jdt.internal.compiler.ClassFile::filterFakeFrames (97 bytes)
Event: 801.457 Thread 0x000001f89a805720 nmethod 21808 0x000001f844c91290 code [0x000001f844c91560, 0x000001f844c927f0]
Event: 801.458 Thread 0x000001f89a805720 21807       3       org.eclipse.jdt.internal.compiler.ClassFile::initializeDefaultLocals (896 bytes)
Event: 801.471 Thread 0x000001f89a805720 nmethod 21807 0x000001f844f11910 code [0x000001f844f12000, 0x000001f844f15b18]
Event: 801.471 Thread 0x000001f89a805720 21806       3       org.eclipse.jdt.internal.compiler.codegen.StackMapFrameCodeStream::getExceptionMarkers (77 bytes)
Event: 801.472 Thread 0x000001f89a805720 nmethod 21806 0x000001f84525c310 code [0x000001f84525c540, 0x000001f84525cdd0]
Event: 801.472 Thread 0x000001f89a805720 21809       3       org.eclipse.jdt.internal.compiler.codegen.ConstantPool::literalIndexForMethodHandle (92 bytes)
Event: 801.473 Thread 0x000001f89a805720 nmethod 21809 0x000001f845321b10 code [0x000001f845321d00, 0x000001f8453220f8]
Event: 801.473 Thread 0x000001f89a805720 21810       3       org.eclipse.jdt.internal.compiler.codegen.ConstantPool::literalIndexForMethod (34 bytes)
Event: 801.473 Thread 0x000001f89a805720 nmethod 21810 0x000001f84558ce10 code [0x000001f84558cfe0, 0x000001f84558d2b8]
Event: 801.489 Thread 0x000001f89a805720 21811       3       org.eclipse.jdt.internal.core.builder.IncrementalImageBuilder::addAffectedSourceFiles (259 bytes)
Event: 801.503 Thread 0x000001f89a805720 nmethod 21811 0x000001f844e05010 code [0x000001f844e053c0, 0x000001f844e06f98]
Event: 801.661 Thread 0x000001f89a805720 21812       3       org.eclipse.m2e.core.internal.MavenPluginActivator::getMavenConfiguration (10 bytes)
Event: 801.665 Thread 0x000001f89a805720 nmethod 21812 0x000001f8450fdf90 code [0x000001f8450fe140, 0x000001f8450fe390]

GC Heap History (20 events):
Event: 800.965 GC heap before
{Heap before GC invocations=2378 (full 7):
 PSYoungGen      total 2048K, used 1456K [0x00000000d5580000, 0x00000000d5800000, 0x0000000100000000)
  eden space 1024K, 100% used [0x00000000d5580000,0x00000000d5680000,0x00000000d5680000)
  from space 1024K, 42% used [0x00000000d5680000,0x00000000d56ec010,0x00000000d5780000)
  to   space 512K, 0% used [0x00000000d5780000,0x00000000d5780000,0x00000000d5800000)
 ParOldGen       total 1299456K, used 1299441K [0x0000000080000000, 0x00000000cf500000, 0x00000000d5580000)
  object space 1299456K, 99% used [0x0000000080000000,0x00000000cf4fc578,0x00000000cf500000)
 Metaspace       used 78616K, committed 80384K, reserved 1179648K
  class space    used 7761K, committed 8576K, reserved 1048576K
}
Event: 800.970 GC heap after
{Heap after GC invocations=2378 (full 7):
 PSYoungGen      total 2048K, used 480K [0x00000000d5580000, 0x00000000d5800000, 0x0000000100000000)
  eden space 1536K, 0% used [0x00000000d5580000,0x00000000d5580000,0x00000000d5700000)
  from space 512K, 93% used [0x00000000d5780000,0x00000000d57f8000,0x00000000d5800000)
  to   space 512K, 0% used [0x00000000d5700000,0x00000000d5700000,0x00000000d5780000)
 ParOldGen       total 1299968K, used 1299697K [0x0000000080000000, 0x00000000cf580000, 0x00000000d5580000)
  object space 1299968K, 99% used [0x0000000080000000,0x00000000cf53c598,0x00000000cf580000)
 Metaspace       used 78616K, committed 80384K, reserved 1179648K
  class space    used 7761K, committed 8576K, reserved 1048576K
}
Event: 801.015 GC heap before
{Heap before GC invocations=2379 (full 7):
 PSYoungGen      total 2048K, used 2016K [0x00000000d5580000, 0x00000000d5800000, 0x0000000100000000)
  eden space 1536K, 100% used [0x00000000d5580000,0x00000000d5700000,0x00000000d5700000)
  from space 512K, 93% used [0x00000000d5780000,0x00000000d57f8000,0x00000000d5800000)
  to   space 512K, 0% used [0x00000000d5700000,0x00000000d5700000,0x00000000d5780000)
 ParOldGen       total 1299968K, used 1299697K [0x0000000080000000, 0x00000000cf580000, 0x00000000d5580000)
  object space 1299968K, 99% used [0x0000000080000000,0x00000000cf53c598,0x00000000cf580000)
 Metaspace       used 78616K, committed 80384K, reserved 1179648K
  class space    used 7761K, committed 8576K, reserved 1048576K
}
Event: 801.019 GC heap after
{Heap after GC invocations=2379 (full 7):
 PSYoungGen      total 2048K, used 512K [0x00000000d5580000, 0x00000000d5900000, 0x0000000100000000)
  eden space 1536K, 0% used [0x00000000d5580000,0x00000000d5580000,0x00000000d5700000)
  from space 512K, 100% used [0x00000000d5700000,0x00000000d5780000,0x00000000d5780000)
  to   space 1024K, 0% used [0x00000000d5800000,0x00000000d5800000,0x00000000d5900000)
 ParOldGen       total 1300480K, used 1299981K [0x0000000080000000, 0x00000000cf600000, 0x00000000d5580000)
  object space 1300480K, 99% used [0x0000000080000000,0x00000000cf5835a8,0x00000000cf600000)
 Metaspace       used 78616K, committed 80384K, reserved 1179648K
  class space    used 7761K, committed 8576K, reserved 1048576K
}
Event: 801.098 GC heap before
{Heap before GC invocations=2380 (full 7):
 PSYoungGen      total 2048K, used 2048K [0x00000000d5580000, 0x00000000d5900000, 0x0000000100000000)
  eden space 1536K, 100% used [0x00000000d5580000,0x00000000d5700000,0x00000000d5700000)
  from space 512K, 100% used [0x00000000d5700000,0x00000000d5780000,0x00000000d5780000)
  to   space 1024K, 0% used [0x00000000d5800000,0x00000000d5800000,0x00000000d5900000)
 ParOldGen       total 1300480K, used 1299981K [0x0000000080000000, 0x00000000cf600000, 0x00000000d5580000)
  object space 1300480K, 99% used [0x0000000080000000,0x00000000cf5835a8,0x00000000cf600000)
 Metaspace       used 78616K, committed 80384K, reserved 1179648K
  class space    used 7761K, committed 8576K, reserved 1048576K
}
Event: 801.103 GC heap after
{Heap after GC invocations=2380 (full 7):
 PSYoungGen      total 2560K, used 672K [0x00000000d5580000, 0x00000000d5900000, 0x0000000100000000)
  eden space 1536K, 0% used [0x00000000d5580000,0x00000000d5580000,0x00000000d5700000)
  from space 1024K, 65% used [0x00000000d5800000,0x00000000d58a8000,0x00000000d5900000)
  to   space 1024K, 0% used [0x00000000d5700000,0x00000000d5700000,0x00000000d5800000)
 ParOldGen       total 1300480K, used 1300422K [0x0000000080000000, 0x00000000cf600000, 0x00000000d5580000)
  object space 1300480K, 99% used [0x0000000080000000,0x00000000cf5f19a8,0x00000000cf600000)
 Metaspace       used 78616K, committed 80384K, reserved 1179648K
  class space    used 7761K, committed 8576K, reserved 1048576K
}
Event: 801.156 GC heap before
{Heap before GC invocations=2381 (full 7):
 PSYoungGen      total 2560K, used 2208K [0x00000000d5580000, 0x00000000d5900000, 0x0000000100000000)
  eden space 1536K, 100% used [0x00000000d5580000,0x00000000d5700000,0x00000000d5700000)
  from space 1024K, 65% used [0x00000000d5800000,0x00000000d58a8000,0x00000000d5900000)
  to   space 1024K, 0% used [0x00000000d5700000,0x00000000d5700000,0x00000000d5800000)
 ParOldGen       total 1300480K, used 1300422K [0x0000000080000000, 0x00000000cf600000, 0x00000000d5580000)
  object space 1300480K, 99% used [0x0000000080000000,0x00000000cf5f19a8,0x00000000cf600000)
 Metaspace       used 78618K, committed 80384K, reserved 1179648K
  class space    used 7761K, committed 8576K, reserved 1048576K
}
Event: 801.161 GC heap after
{Heap after GC invocations=2381 (full 7):
 PSYoungGen      total 2560K, used 544K [0x00000000d5580000, 0x00000000d5900000, 0x0000000100000000)
  eden space 1536K, 0% used [0x00000000d5580000,0x00000000d5580000,0x00000000d5700000)
  from space 1024K, 53% used [0x00000000d5700000,0x00000000d5788000,0x00000000d5800000)
  to   space 1024K, 0% used [0x00000000d5800000,0x00000000d5800000,0x00000000d5900000)
 ParOldGen       total 1300992K, used 1300884K [0x0000000080000000, 0x00000000cf680000, 0x00000000d5580000)
  object space 1300992K, 99% used [0x0000000080000000,0x00000000cf665138,0x00000000cf680000)
 Metaspace       used 78618K, committed 80384K, reserved 1179648K
  class space    used 7761K, committed 8576K, reserved 1048576K
}
Event: 801.212 GC heap before
{Heap before GC invocations=2382 (full 7):
 PSYoungGen      total 2560K, used 2080K [0x00000000d5580000, 0x00000000d5900000, 0x0000000100000000)
  eden space 1536K, 100% used [0x00000000d5580000,0x00000000d5700000,0x00000000d5700000)
  from space 1024K, 53% used [0x00000000d5700000,0x00000000d5788000,0x00000000d5800000)
  to   space 1024K, 0% used [0x00000000d5800000,0x00000000d5800000,0x00000000d5900000)
 ParOldGen       total 1300992K, used 1300884K [0x0000000080000000, 0x00000000cf680000, 0x00000000d5580000)
  object space 1300992K, 99% used [0x0000000080000000,0x00000000cf665138,0x00000000cf680000)
 Metaspace       used 78618K, committed 80384K, reserved 1179648K
  class space    used 7761K, committed 8576K, reserved 1048576K
}
Event: 801.215 GC heap after
{Heap after GC invocations=2382 (full 7):
 PSYoungGen      total 2560K, used 480K [0x00000000d5580000, 0x00000000d5900000, 0x0000000100000000)
  eden space 1536K, 0% used [0x00000000d5580000,0x00000000d5580000,0x00000000d5700000)
  from space 1024K, 46% used [0x00000000d5800000,0x00000000d5878000,0x00000000d5900000)
  to   space 1024K, 0% used [0x00000000d5700000,0x00000000d5700000,0x00000000d5800000)
 ParOldGen       total 1301504K, used 1301188K [0x0000000080000000, 0x00000000cf700000, 0x00000000d5580000)
  object space 1301504K, 99% used [0x0000000080000000,0x00000000cf6b1138,0x00000000cf700000)
 Metaspace       used 78618K, committed 80384K, reserved 1179648K
  class space    used 7761K, committed 8576K, reserved 1048576K
}
Event: 801.229 GC heap before
{Heap before GC invocations=2383 (full 7):
 PSYoungGen      total 2560K, used 2016K [0x00000000d5580000, 0x00000000d5900000, 0x0000000100000000)
  eden space 1536K, 100% used [0x00000000d5580000,0x00000000d5700000,0x00000000d5700000)
  from space 1024K, 46% used [0x00000000d5800000,0x00000000d5878000,0x00000000d5900000)
  to   space 1024K, 0% used [0x00000000d5700000,0x00000000d5700000,0x00000000d5800000)
 ParOldGen       total 1301504K, used 1301188K [0x0000000080000000, 0x00000000cf700000, 0x00000000d5580000)
  object space 1301504K, 99% used [0x0000000080000000,0x00000000cf6b1138,0x00000000cf700000)
 Metaspace       used 78618K, committed 80384K, reserved 1179648K
  class space    used 7761K, committed 8576K, reserved 1048576K
}
Event: 801.233 GC heap after
{Heap after GC invocations=2383 (full 7):
 PSYoungGen      total 2560K, used 640K [0x00000000d5580000, 0x00000000d5900000, 0x0000000100000000)
  eden space 1536K, 0% used [0x00000000d5580000,0x00000000d5580000,0x00000000d5700000)
  from space 1024K, 62% used [0x00000000d5700000,0x00000000d57a0000,0x00000000d5800000)
  to   space 1024K, 0% used [0x00000000d5800000,0x00000000d5800000,0x00000000d5900000)
 ParOldGen       total 1302016K, used 1301556K [0x0000000080000000, 0x00000000cf780000, 0x00000000d5580000)
  object space 1302016K, 99% used [0x0000000080000000,0x00000000cf70d138,0x00000000cf780000)
 Metaspace       used 78618K, committed 80384K, reserved 1179648K
  class space    used 7761K, committed 8576K, reserved 1048576K
}
Event: 801.252 GC heap before
{Heap before GC invocations=2384 (full 7):
 PSYoungGen      total 2560K, used 2176K [0x00000000d5580000, 0x00000000d5900000, 0x0000000100000000)
  eden space 1536K, 100% used [0x00000000d5580000,0x00000000d5700000,0x00000000d5700000)
  from space 1024K, 62% used [0x00000000d5700000,0x00000000d57a0000,0x00000000d5800000)
  to   space 1024K, 0% used [0x00000000d5800000,0x00000000d5800000,0x00000000d5900000)
 ParOldGen       total 1302016K, used 1301556K [0x0000000080000000, 0x00000000cf780000, 0x00000000d5580000)
  object space 1302016K, 99% used [0x0000000080000000,0x00000000cf70d138,0x00000000cf780000)
 Metaspace       used 78619K, committed 80384K, reserved 1179648K
  class space    used 7761K, committed 8576K, reserved 1048576K
}
Event: 801.256 GC heap after
{Heap after GC invocations=2384 (full 7):
 PSYoungGen      total 2560K, used 448K [0x00000000d5580000, 0x00000000d5900000, 0x0000000100000000)
  eden space 1536K, 0% used [0x00000000d5580000,0x00000000d5580000,0x00000000d5700000)
  from space 1024K, 43% used [0x00000000d5800000,0x00000000d5870000,0x00000000d5900000)
  to   space 1024K, 0% used [0x00000000d5700000,0x00000000d5700000,0x00000000d5800000)
 ParOldGen       total 1302016K, used 1302004K [0x0000000080000000, 0x00000000cf780000, 0x00000000d5580000)
  object space 1302016K, 99% used [0x0000000080000000,0x00000000cf77d158,0x00000000cf780000)
 Metaspace       used 78619K, committed 80384K, reserved 1179648K
  class space    used 7761K, committed 8576K, reserved 1048576K
}
Event: 801.287 GC heap before
{Heap before GC invocations=2385 (full 7):
 PSYoungGen      total 2560K, used 1984K [0x00000000d5580000, 0x00000000d5900000, 0x0000000100000000)
  eden space 1536K, 100% used [0x00000000d5580000,0x00000000d5700000,0x00000000d5700000)
  from space 1024K, 43% used [0x00000000d5800000,0x00000000d5870000,0x00000000d5900000)
  to   space 1024K, 0% used [0x00000000d5700000,0x00000000d5700000,0x00000000d5800000)
 ParOldGen       total 1302016K, used 1302004K [0x0000000080000000, 0x00000000cf780000, 0x00000000d5580000)
  object space 1302016K, 99% used [0x0000000080000000,0x00000000cf77d158,0x00000000cf780000)
 Metaspace       used 78619K, committed 80384K, reserved 1179648K
  class space    used 7761K, committed 8576K, reserved 1048576K
}
Event: 801.293 GC heap after
{Heap after GC invocations=2385 (full 7):
 PSYoungGen      total 2560K, used 603K [0x00000000d5580000, 0x00000000d5900000, 0x0000000100000000)
  eden space 1536K, 0% used [0x00000000d5580000,0x00000000d5580000,0x00000000d5700000)
  from space 1024K, 58% used [0x00000000d5700000,0x00000000d5796fb8,0x00000000d5800000)
  to   space 1024K, 0% used [0x00000000d5800000,0x00000000d5800000,0x00000000d5900000)
 ParOldGen       total 1302528K, used 1302284K [0x0000000080000000, 0x00000000cf800000, 0x00000000d5580000)
  object space 1302528K, 99% used [0x0000000080000000,0x00000000cf7c3158,0x00000000cf800000)
 Metaspace       used 78619K, committed 80384K, reserved 1179648K
  class space    used 7761K, committed 8576K, reserved 1048576K
}
Event: 801.438 GC heap before
{Heap before GC invocations=2386 (full 7):
 PSYoungGen      total 2560K, used 2139K [0x00000000d5580000, 0x00000000d5900000, 0x0000000100000000)
  eden space 1536K, 100% used [0x00000000d5580000,0x00000000d5700000,0x00000000d5700000)
  from space 1024K, 58% used [0x00000000d5700000,0x00000000d5796fb8,0x00000000d5800000)
  to   space 1024K, 0% used [0x00000000d5800000,0x00000000d5800000,0x00000000d5900000)
 ParOldGen       total 1302528K, used 1302284K [0x0000000080000000, 0x00000000cf800000, 0x00000000d5580000)
  object space 1302528K, 99% used [0x0000000080000000,0x00000000cf7c3158,0x00000000cf800000)
 Metaspace       used 78621K, committed 80384K, reserved 1179648K
  class space    used 7761K, committed 8576K, reserved 1048576K
}
Event: 801.443 GC heap after
{Heap after GC invocations=2386 (full 7):
 PSYoungGen      total 2560K, used 507K [0x00000000d5580000, 0x00000000d5900000, 0x0000000100000000)
  eden space 1536K, 0% used [0x00000000d5580000,0x00000000d5580000,0x00000000d5700000)
  from space 1024K, 49% used [0x00000000d5800000,0x00000000d587efb8,0x00000000d5900000)
  to   space 1024K, 0% used [0x00000000d5700000,0x00000000d5700000,0x00000000d5800000)
 ParOldGen       total 1303040K, used 1302664K [0x0000000080000000, 0x00000000cf880000, 0x00000000d5580000)
  object space 1303040K, 99% used [0x0000000080000000,0x00000000cf822110,0x00000000cf880000)
 Metaspace       used 78621K, committed 80384K, reserved 1179648K
  class space    used 7761K, committed 8576K, reserved 1048576K
}
Event: 801.594 GC heap before
{Heap before GC invocations=2387 (full 7):
 PSYoungGen      total 2560K, used 2043K [0x00000000d5580000, 0x00000000d5900000, 0x0000000100000000)
  eden space 1536K, 100% used [0x00000000d5580000,0x00000000d5700000,0x00000000d5700000)
  from space 1024K, 49% used [0x00000000d5800000,0x00000000d587efb8,0x00000000d5900000)
  to   space 1024K, 0% used [0x00000000d5700000,0x00000000d5700000,0x00000000d5800000)
 ParOldGen       total 1303040K, used 1302664K [0x0000000080000000, 0x00000000cf880000, 0x00000000d5580000)
  object space 1303040K, 99% used [0x0000000080000000,0x00000000cf822110,0x00000000cf880000)
 Metaspace       used 78631K, committed 80384K, reserved 1179648K
  class space    used 7761K, committed 8576K, reserved 1048576K
}
Event: 801.598 GC heap after
{Heap after GC invocations=2387 (full 7):
 PSYoungGen      total 2560K, used 534K [0x00000000d5580000, 0x00000000d5900000, 0x0000000100000000)
  eden space 1536K, 0% used [0x00000000d5580000,0x00000000d5580000,0x00000000d5700000)
  from space 1024K, 52% used [0x00000000d5700000,0x00000000d5785ab8,0x00000000d5800000)
  to   space 1024K, 0% used [0x00000000d5800000,0x00000000d5800000,0x00000000d5900000)
 ParOldGen       total 1303040K, used 1302907K [0x0000000080000000, 0x00000000cf880000, 0x00000000d5580000)
  object space 1303040K, 99% used [0x0000000080000000,0x00000000cf85ee30,0x00000000cf880000)
 Metaspace       used 78631K, committed 80384K, reserved 1179648K
  class space    used 7761K, committed 8576K, reserved 1048576K
}

Dll operation events (12 events):
Event: 0.029 Loaded shared library c:\Users\moyen\.vscode\extensions\redhat.java-1.43.1-win32-x64\jre\21.0.7-win32-x86_64\bin\java.dll
Event: 0.207 Loaded shared library c:\Users\moyen\.vscode\extensions\redhat.java-1.43.1-win32-x64\jre\21.0.7-win32-x86_64\bin\zip.dll
Event: 0.263 Loaded shared library C:\Users\moyen\.vscode\extensions\redhat.java-1.43.1-win32-x64\jre\21.0.7-win32-x86_64\bin\instrument.dll
Event: 0.274 Loaded shared library C:\Users\moyen\.vscode\extensions\redhat.java-1.43.1-win32-x64\jre\21.0.7-win32-x86_64\bin\net.dll
Event: 0.277 Loaded shared library C:\Users\moyen\.vscode\extensions\redhat.java-1.43.1-win32-x64\jre\21.0.7-win32-x86_64\bin\nio.dll
Event: 0.284 Loaded shared library C:\Users\moyen\.vscode\extensions\redhat.java-1.43.1-win32-x64\jre\21.0.7-win32-x86_64\bin\zip.dll
Event: 0.318 Loaded shared library C:\Users\moyen\.vscode\extensions\redhat.java-1.43.1-win32-x64\jre\21.0.7-win32-x86_64\bin\jimage.dll
Event: 0.516 Loaded shared library c:\Users\moyen\.vscode\extensions\redhat.java-1.43.1-win32-x64\jre\21.0.7-win32-x86_64\bin\verify.dll
Event: 12.296 Loaded shared library C:\Users\moyen\AppData\Roaming\Code\User\globalStorage\redhat.java\1.43.1\config_win\org.eclipse.equinox.launcher\org.eclipse.equinox.launcher.win32.win32.x86_64_1.2.1300.v20250331-1702\eclipse_11911.dll
Event: 28.472 Loaded shared library C:\Users\moyen\AppData\Local\Temp\jna-104090112\jna7033273555128267408.dll
Event: 31.201 Loaded shared library C:\Users\moyen\.vscode\extensions\redhat.java-1.43.1-win32-x64\jre\21.0.7-win32-x86_64\bin\sunmscapi.dll
Event: 31.612 Loaded shared library C:\Users\moyen\.vscode\extensions\redhat.java-1.43.1-win32-x64\jre\21.0.7-win32-x86_64\bin\extnet.dll

Deoptimization events (20 events):
Event: 714.003 Thread 0x000001f8a3d7d9e0 Uncommon trap: trap_request=0xffffff45 fr.pc=0x000001f84cfdb838 relative=0x0000000000000098
Event: 714.003 Thread 0x000001f8a3d7d9e0 Uncommon trap: reason=unstable_if action=reinterpret pc=0x000001f84cfdb838 method=org.eclipse.core.internal.events.ResourceDelta.isHidden()Z @ 7 c2
Event: 714.003 Thread 0x000001f8a3d7d9e0 DEOPT PACKING pc=0x000001f84cfdb838 sp=0x000000d3d6efe320
Event: 714.003 Thread 0x000001f8a3d7d9e0 DEOPT UNPACKING pc=0x000001f84c063aa2 sp=0x000000d3d6efe2c0 mode 2
Event: 714.273 Thread 0x000001f8a3d7d9e0 Uncommon trap: trap_request=0xffffff45 fr.pc=0x000001f84c9123b8 relative=0x0000000000000098
Event: 714.273 Thread 0x000001f8a3d7d9e0 Uncommon trap: reason=unstable_if action=reinterpret pc=0x000001f84c9123b8 method=org.eclipse.core.internal.events.ResourceDelta.isTeamPrivate()Z @ 7 c2
Event: 714.273 Thread 0x000001f8a3d7d9e0 DEOPT PACKING pc=0x000001f84c9123b8 sp=0x000000d3d6efe890
Event: 714.273 Thread 0x000001f8a3d7d9e0 DEOPT UNPACKING pc=0x000001f84c063aa2 sp=0x000000d3d6efe828 mode 2
Event: 800.831 Thread 0x000001f89c1ee580 Uncommon trap: trap_request=0xffffff45 fr.pc=0x000001f84cdb76dc relative=0x00000000000027bc
Event: 800.832 Thread 0x000001f89c1ee580 Uncommon trap: reason=unstable_if action=reinterpret pc=0x000001f84cdb76dc method=org.eclipse.jdt.internal.compiler.env.NameEnvironmentAnswer.isBinaryType()Z @ 4 c2
Event: 800.833 Thread 0x000001f89c1ee580 DEOPT PACKING pc=0x000001f84cdb76dc sp=0x000000d3d79fe1d0
Event: 800.835 Thread 0x000001f89c1ee580 DEOPT UNPACKING pc=0x000001f84c063aa2 sp=0x000000d3d79fe110 mode 2
Event: 801.031 Thread 0x000001f89c1ee580 Uncommon trap: trap_request=0xffffffcc fr.pc=0x000001f84cc76d44 relative=0x0000000000000464
Event: 801.031 Thread 0x000001f89c1ee580 Uncommon trap: reason=intrinsic_or_type_checked_inlining action=make_not_entrant pc=0x000001f84cc76d44 method=org.eclipse.jdt.internal.compiler.parser.Parser.consumeMethodHeaderRightParen()V @ 268 c2
Event: 801.031 Thread 0x000001f89c1ee580 DEOPT PACKING pc=0x000001f84cc76d44 sp=0x000000d3d79fd090
Event: 801.031 Thread 0x000001f89c1ee580 DEOPT UNPACKING pc=0x000001f84c063aa2 sp=0x000000d3d79fd010 mode 2
Event: 801.270 Thread 0x000001f89c1ee580 Uncommon trap: trap_request=0xffffffcc fr.pc=0x000001f84d2f8ee0 relative=0x0000000000007820
Event: 801.270 Thread 0x000001f89c1ee580 Uncommon trap: reason=intrinsic_or_type_checked_inlining action=make_not_entrant pc=0x000001f84d2f8ee0 method=org.eclipse.jdt.internal.compiler.lookup.BoundSet.incorporate(Lorg/eclipse/jdt/internal/compiler/lookup/InferenceContext18;[Lorg/eclipse/jdt/inte
Event: 801.270 Thread 0x000001f89c1ee580 DEOPT PACKING pc=0x000001f84d2f8ee0 sp=0x000000d3d79fd9e0
Event: 801.270 Thread 0x000001f89c1ee580 DEOPT UNPACKING pc=0x000001f84c063aa2 sp=0x000000d3d79fd9c8 mode 2

Classes loaded (20 events):
Event: 136.334 Loading class com/sun/org/apache/xerces/internal/xni/parser/XMLParseException
Event: 136.334 Loading class com/sun/org/apache/xerces/internal/xni/parser/XMLParseException done
Event: 245.636 Loading class java/nio/BufferMismatch
Event: 245.638 Loading class java/nio/BufferMismatch done
Event: 334.827 Loading class java/util/stream/Nodes$CollectorTask$OfRef
Event: 334.830 Loading class java/util/stream/Nodes$CollectorTask
Event: 334.835 Loading class java/util/stream/Nodes$CollectorTask done
Event: 334.835 Loading class java/util/stream/Nodes$CollectorTask$OfRef done
Event: 334.987 Loading class java/util/function/LongFunction
Event: 334.988 Loading class java/util/function/LongFunction done
Event: 334.991 Loading class java/util/stream/Nodes$ConcNode
Event: 334.992 Loading class java/util/stream/Nodes$AbstractConcNode
Event: 334.994 Loading class java/util/stream/Nodes$AbstractConcNode done
Event: 334.994 Loading class java/util/stream/Nodes$ConcNode done
Event: 335.039 Loading class java/io/ObjectOutputStream$BlockDataOutputStream
Event: 335.041 Loading class java/io/ObjectOutputStream$BlockDataOutputStream done
Event: 335.041 Loading class java/io/ObjectOutputStream$HandleTable
Event: 335.042 Loading class java/io/ObjectOutputStream$HandleTable done
Event: 335.042 Loading class java/io/ObjectOutputStream$ReplaceTable
Event: 335.042 Loading class java/io/ObjectOutputStream$ReplaceTable done

Classes unloaded (11 events):
Event: 29.446 Thread 0x000001f841964920 Unloading class 0x000001f85a1a1800 'java/lang/invoke/LambdaForm$MH+0x000001f85a1a1800'
Event: 29.446 Thread 0x000001f841964920 Unloading class 0x000001f85a1a1400 'java/lang/invoke/LambdaForm$MH+0x000001f85a1a1400'
Event: 29.446 Thread 0x000001f841964920 Unloading class 0x000001f85a1a1000 'java/lang/invoke/LambdaForm$MH+0x000001f85a1a1000'
Event: 29.446 Thread 0x000001f841964920 Unloading class 0x000001f85a1a0c00 'java/lang/invoke/LambdaForm$MH+0x000001f85a1a0c00'
Event: 29.446 Thread 0x000001f841964920 Unloading class 0x000001f85a1a0800 'java/lang/invoke/LambdaForm$BMH+0x000001f85a1a0800'
Event: 29.446 Thread 0x000001f841964920 Unloading class 0x000001f85a1a0400 'java/lang/invoke/LambdaForm$DMH+0x000001f85a1a0400'
Event: 29.446 Thread 0x000001f841964920 Unloading class 0x000001f85a19b000 'java/lang/invoke/LambdaForm$DMH+0x000001f85a19b000'
Event: 113.815 Thread 0x000001f841964920 Unloading class 0x000001f85a720c00 'java/lang/invoke/LambdaForm$DMH+0x000001f85a720c00'
Event: 113.815 Thread 0x000001f841964920 Unloading class 0x000001f85a720800 'java/lang/invoke/LambdaForm$DMH+0x000001f85a720800'
Event: 113.815 Thread 0x000001f841964920 Unloading class 0x000001f85a719400 'java/lang/invoke/LambdaForm$DMH+0x000001f85a719400'
Event: 113.815 Thread 0x000001f841964920 Unloading class 0x000001f85a720000 'java/lang/invoke/LambdaForm$DMH+0x000001f85a720000'

Classes redefined (0 events):
No events

Internal exceptions (20 events):
Event: 609.441 Thread 0x000001f89c1ee580 Exception <a 'sun/nio/fs/WindowsException'{0x00000000d56fffe8}> (0x00000000d56fffe8) 
thrown [s\src\hotspot\share\prims\jni.cpp, line 520]
Event: 609.868 Thread 0x000001f89c1ee580 Exception <a 'sun/nio/fs/WindowsException'{0x00000000d56edde8}> (0x00000000d56edde8) 
thrown [s\src\hotspot\share\prims\jni.cpp, line 520]
Event: 623.333 Thread 0x000001f89c1ee580 Exception <a 'sun/nio/fs/WindowsException'{0x00000000d576f020}> (0x00000000d576f020) 
thrown [s\src\hotspot\share\prims\jni.cpp, line 520]
Event: 623.783 Thread 0x000001f89c1ee580 Exception <a 'sun/nio/fs/WindowsException'{0x00000000d5f835c0}> (0x00000000d5f835c0) 
thrown [s\src\hotspot\share\prims\jni.cpp, line 520]
Event: 635.104 Thread 0x000001f89c1ee580 Exception <a 'sun/nio/fs/WindowsException'{0x00000000d5a4d040}> (0x00000000d5a4d040) 
thrown [s\src\hotspot\share\prims\jni.cpp, line 520]
Event: 636.294 Thread 0x000001f89c1ee580 Exception <a 'sun/nio/fs/WindowsException'{0x00000000d5b4c450}> (0x00000000d5b4c450) 
thrown [s\src\hotspot\share\prims\jni.cpp, line 520]
Event: 645.588 Thread 0x000001f89c1ee580 Exception <a 'sun/nio/fs/WindowsException'{0x00000000d59adb18}> (0x00000000d59adb18) 
thrown [s\src\hotspot\share\prims\jni.cpp, line 520]
Event: 645.870 Thread 0x000001f89c1ee580 Exception <a 'sun/nio/fs/WindowsException'{0x00000000d5f46c70}> (0x00000000d5f46c70) 
thrown [s\src\hotspot\share\prims\jni.cpp, line 520]
Event: 655.996 Thread 0x000001f89c1ee580 Exception <a 'sun/nio/fs/WindowsException'{0x00000000d5aaf558}> (0x00000000d5aaf558) 
thrown [s\src\hotspot\share\prims\jni.cpp, line 520]
Event: 656.509 Thread 0x000001f89c1ee580 Exception <a 'sun/nio/fs/WindowsException'{0x00000000d558f1e8}> (0x00000000d558f1e8) 
thrown [s\src\hotspot\share\prims\jni.cpp, line 520]
Event: 676.374 Thread 0x000001f89c1ee580 Exception <a 'sun/nio/fs/WindowsException'{0x00000000d56375f0}> (0x00000000d56375f0) 
thrown [s\src\hotspot\share\prims\jni.cpp, line 520]
Event: 676.779 Thread 0x000001f89c1ee580 Exception <a 'sun/nio/fs/WindowsException'{0x00000000d560b828}> (0x00000000d560b828) 
thrown [s\src\hotspot\share\prims\jni.cpp, line 520]
Event: 690.936 Thread 0x000001f89c1ee580 Exception <a 'sun/nio/fs/WindowsException'{0x00000000d5742dc8}> (0x00000000d5742dc8) 
thrown [s\src\hotspot\share\prims\jni.cpp, line 520]
Event: 691.330 Thread 0x000001f89c1ee580 Exception <a 'sun/nio/fs/WindowsException'{0x00000000d56f6db0}> (0x00000000d56f6db0) 
thrown [s\src\hotspot\share\prims\jni.cpp, line 520]
Event: 701.871 Thread 0x000001f89c1ee580 Exception <a 'sun/nio/fs/WindowsException'{0x00000000d5858eb0}> (0x00000000d5858eb0) 
thrown [s\src\hotspot\share\prims\jni.cpp, line 520]
Event: 702.343 Thread 0x000001f89c1ee580 Exception <a 'sun/nio/fs/WindowsException'{0x00000000d5580568}> (0x00000000d5580568) 
thrown [s\src\hotspot\share\prims\jni.cpp, line 520]
Event: 713.592 Thread 0x000001f89c1ee580 Exception <a 'sun/nio/fs/WindowsException'{0x00000000d56f9d78}> (0x00000000d56f9d78) 
thrown [s\src\hotspot\share\prims\jni.cpp, line 520]
Event: 714.140 Thread 0x000001f89c1ee580 Exception <a 'sun/nio/fs/WindowsException'{0x00000000d55ec750}> (0x00000000d55ec750) 
thrown [s\src\hotspot\share\prims\jni.cpp, line 520]
Event: 795.260 Thread 0x000001f89c1ee580 Exception <a 'sun/nio/fs/WindowsException'{0x00000000d562fd18}> (0x00000000d562fd18) 
thrown [s\src\hotspot\share\prims\jni.cpp, line 520]
Event: 796.723 Thread 0x000001f89c1ee580 Exception <a 'sun/nio/fs/WindowsException'{0x00000000d5607670}> (0x00000000d5607670) 
thrown [s\src\hotspot\share\prims\jni.cpp, line 520]

ZGC Phase Switch (0 events):
No events

VM Operations (20 events):
Event: 800.965 Executing VM operation: ParallelGCFailedAllocation (Allocation Failure)
Event: 800.970 Executing VM operation: ParallelGCFailedAllocation (Allocation Failure) done
Event: 801.015 Executing VM operation: ParallelGCFailedAllocation (Allocation Failure)
Event: 801.019 Executing VM operation: ParallelGCFailedAllocation (Allocation Failure) done
Event: 801.098 Executing VM operation: ParallelGCFailedAllocation (Allocation Failure)
Event: 801.103 Executing VM operation: ParallelGCFailedAllocation (Allocation Failure) done
Event: 801.139 Executing VM operation: ParallelGCFailedAllocation (Allocation Failure)
Event: 801.161 Executing VM operation: ParallelGCFailedAllocation (Allocation Failure) done
Event: 801.212 Executing VM operation: ParallelGCFailedAllocation (Allocation Failure)
Event: 801.215 Executing VM operation: ParallelGCFailedAllocation (Allocation Failure) done
Event: 801.229 Executing VM operation: ParallelGCFailedAllocation (Allocation Failure)
Event: 801.233 Executing VM operation: ParallelGCFailedAllocation (Allocation Failure) done
Event: 801.252 Executing VM operation: ParallelGCFailedAllocation (Allocation Failure)
Event: 801.256 Executing VM operation: ParallelGCFailedAllocation (Allocation Failure) done
Event: 801.287 Executing VM operation: ParallelGCFailedAllocation (Allocation Failure)
Event: 801.293 Executing VM operation: ParallelGCFailedAllocation (Allocation Failure) done
Event: 801.438 Executing VM operation: ParallelGCFailedAllocation (Allocation Failure)
Event: 801.443 Executing VM operation: ParallelGCFailedAllocation (Allocation Failure) done
Event: 801.594 Executing VM operation: ParallelGCFailedAllocation (Allocation Failure)
Event: 801.598 Executing VM operation: ParallelGCFailedAllocation (Allocation Failure) done

Memory protections (0 events):
No events

Nmethod flushes (20 events):
Event: 636.019 Thread 0x000001f841964920 flushing  nmethod 0x000001f8474edc10
Event: 636.019 Thread 0x000001f841964920 flushing  nmethod 0x000001f8474f2710
Event: 636.019 Thread 0x000001f841964920 flushing  nmethod 0x000001f8474f5590
Event: 636.019 Thread 0x000001f841964920 flushing  nmethod 0x000001f847567c90
Event: 636.019 Thread 0x000001f841964920 flushing  nmethod 0x000001f847587a10
Event: 636.019 Thread 0x000001f841964920 flushing  nmethod 0x000001f8475a8a10
Event: 636.019 Thread 0x000001f841964920 flushing  nmethod 0x000001f847696410
Event: 636.019 Thread 0x000001f841964920 flushing  nmethod 0x000001f84770c790
Event: 636.019 Thread 0x000001f841964920 flushing  nmethod 0x000001f8477a0490
Event: 636.019 Thread 0x000001f841964920 flushing  nmethod 0x000001f8477b3290
Event: 636.019 Thread 0x000001f841964920 flushing  nmethod 0x000001f8477b6590
Event: 636.019 Thread 0x000001f841964920 flushing  nmethod 0x000001f8477b8690
Event: 636.019 Thread 0x000001f841964920 flushing  nmethod 0x000001f847852a10
Event: 636.019 Thread 0x000001f841964920 flushing  nmethod 0x000001f847852e10
Event: 636.019 Thread 0x000001f841964920 flushing  nmethod 0x000001f84785d610
Event: 636.019 Thread 0x000001f841964920 flushing  nmethod 0x000001f8478d4e10
Event: 636.019 Thread 0x000001f841964920 flushing  nmethod 0x000001f847907e90
Event: 636.019 Thread 0x000001f841964920 flushing  nmethod 0x000001f847914a10
Event: 636.019 Thread 0x000001f841964920 flushing  nmethod 0x000001f847918010
Event: 636.019 Thread 0x000001f841964920 flushing  nmethod 0x000001f847957d10

Events (20 events):
Event: 644.882 Thread 0x000001f8a4e59bb0 Thread exited: 0x000001f8a4e59bb0
Event: 644.891 Thread 0x000001f89a805720 Thread added: 0x000001f8a3ca7090
Event: 645.892 Thread 0x000001f8a3ca7090 Thread exited: 0x000001f8a3ca7090
Event: 663.625 Thread 0x000001f8a3deee60 Thread exited: 0x000001f8a3deee60
Event: 693.016 Thread 0x000001f8a4d33110 Thread exited: 0x000001f8a4d33110
Event: 714.282 Thread 0x000001f89a805720 Thread added: 0x000001f8a2af4450
Event: 719.298 Thread 0x000001f8a2af4450 Thread exited: 0x000001f8a2af4450
Event: 723.849 Thread 0x000001f8a3df5df0 Thread exited: 0x000001f8a3df5df0
Event: 753.024 Thread 0x000001f8a3d78b20 Thread exited: 0x000001f8a3d78b20
Event: 774.932 Thread 0x000001f89c1ecb40 Thread exited: 0x000001f89c1ecb40
Event: 775.008 Thread 0x000001f89c1eb790 Thread exited: 0x000001f89c1eb790
Event: 775.008 Thread 0x000001f8a3d7bfa0 Thread exited: 0x000001f8a3d7bfa0
Event: 775.008 Thread 0x000001f8a3d7ccc0 Thread exited: 0x000001f8a3d7ccc0
Event: 775.009 Thread 0x000001f8a3d7b910 Thread exited: 0x000001f8a3d7b910
Event: 775.010 Thread 0x000001f8a38a05f0 Thread exited: 0x000001f8a38a05f0
Event: 784.039 Thread 0x000001f8a3df3d20 Thread exited: 0x000001f8a3df3d20
Event: 793.472 Thread 0x000001f8a3d7c630 Thread added: 0x000001f8a4e5a8d0
Event: 800.916 Thread 0x000001f8a3d7c630 Thread added: 0x000001f8a4e5b5f0
Event: 801.124 Thread 0x000001f89a805720 Thread added: 0x000001f8ae086640
Event: 801.125 Thread 0x000001f89a805720 Thread added: 0x000001f8ae0851d0


Dynamic libraries:
0x00007ff686590000 - 0x00007ff68659e000 	c:\Users\moyen\.vscode\extensions\redhat.java-1.43.1-win32-x64\jre\21.0.7-win32-x86_64\bin\java.exe
0x00007ffd9f9c0000 - 0x00007ffd9fc28000 	C:\WINDOWS\SYSTEM32\ntdll.dll
0x00007ffd9e200000 - 0x00007ffd9e2c9000 	C:\WINDOWS\System32\KERNEL32.DLL
0x00007ffd9cff0000 - 0x00007ffd9d3dd000 	C:\WINDOWS\System32\KERNELBASE.dll
0x00007ffd9cea0000 - 0x00007ffd9cfeb000 	C:\WINDOWS\System32\ucrtbase.dll
0x00007ffd87570000 - 0x00007ffd8758e000 	c:\Users\moyen\.vscode\extensions\redhat.java-1.43.1-win32-x64\jre\21.0.7-win32-x86_64\bin\VCRUNTIME140.dll
0x00007ffd87300000 - 0x00007ffd87318000 	c:\Users\moyen\.vscode\extensions\redhat.java-1.43.1-win32-x64\jre\21.0.7-win32-x86_64\bin\jli.dll
0x00007ffd9db20000 - 0x00007ffd9dcec000 	C:\WINDOWS\System32\USER32.dll
0x00007ffd9d5f0000 - 0x00007ffd9d617000 	C:\WINDOWS\System32\win32u.dll
0x00007ffd837b0000 - 0x00007ffd83a4a000 	C:\WINDOWS\WinSxS\amd64_microsoft.windows.common-controls_6595b64144ccf1df_6.0.26100.4484_none_3e0e6d4ce32ef3b3\COMCTL32.dll
0x00007ffd9d760000 - 0x00007ffd9d78b000 	C:\WINDOWS\System32\GDI32.dll
0x00007ffd9ed70000 - 0x00007ffd9ee19000 	C:\WINDOWS\System32\msvcrt.dll
0x00007ffd9d620000 - 0x00007ffd9d757000 	C:\WINDOWS\System32\gdi32full.dll
0x00007ffd9cdf0000 - 0x00007ffd9ce93000 	C:\WINDOWS\System32\msvcp_win.dll
0x00007ffd9dfc0000 - 0x00007ffd9dfef000 	C:\WINDOWS\System32\IMM32.DLL
0x00007ffd98ba0000 - 0x00007ffd98bac000 	c:\Users\moyen\.vscode\extensions\redhat.java-1.43.1-win32-x64\jre\21.0.7-win32-x86_64\bin\vcruntime140_1.dll
0x00007ffd71920000 - 0x00007ffd719ad000 	c:\Users\moyen\.vscode\extensions\redhat.java-1.43.1-win32-x64\jre\21.0.7-win32-x86_64\bin\msvcp140.dll
0x00007ffd5a9a0000 - 0x00007ffd5b730000 	c:\Users\moyen\.vscode\extensions\redhat.java-1.43.1-win32-x64\jre\21.0.7-win32-x86_64\bin\server\jvm.dll
0x00007ffd9f8c0000 - 0x00007ffd9f974000 	C:\WINDOWS\System32\ADVAPI32.dll
0x00007ffd9ef40000 - 0x00007ffd9efe6000 	C:\WINDOWS\System32\sechost.dll
0x00007ffd9ee20000 - 0x00007ffd9ef38000 	C:\WINDOWS\System32\RPCRT4.dll
0x00007ffd9e000000 - 0x00007ffd9e074000 	C:\WINDOWS\System32\WS2_32.dll
0x00007ffd91540000 - 0x00007ffd91575000 	C:\WINDOWS\SYSTEM32\WINMM.dll
0x00007ffd91580000 - 0x00007ffd9158b000 	C:\WINDOWS\SYSTEM32\VERSION.dll
0x00007ffd9c960000 - 0x00007ffd9c9be000 	C:\WINDOWS\SYSTEM32\POWRPROF.dll
0x00007ffd9c940000 - 0x00007ffd9c954000 	C:\WINDOWS\SYSTEM32\UMPDC.dll
0x00007ffd9b870000 - 0x00007ffd9b88b000 	C:\WINDOWS\SYSTEM32\kernel.appcore.dll
0x00007ffd963f0000 - 0x00007ffd963fa000 	c:\Users\moyen\.vscode\extensions\redhat.java-1.43.1-win32-x64\jre\21.0.7-win32-x86_64\bin\jimage.dll
0x00007ffd9a430000 - 0x00007ffd9a671000 	C:\WINDOWS\SYSTEM32\DBGHELP.DLL
0x00007ffd9d790000 - 0x00007ffd9db16000 	C:\WINDOWS\System32\combase.dll
0x00007ffd9e390000 - 0x00007ffd9e470000 	C:\WINDOWS\System32\OLEAUT32.dll
0x00007ffd831a0000 - 0x00007ffd831e3000 	C:\WINDOWS\SYSTEM32\dbgcore.DLL
0x00007ffd9cd50000 - 0x00007ffd9cde9000 	C:\WINDOWS\System32\bcryptPrimitives.dll
0x00007ffd8c3f0000 - 0x00007ffd8c3ff000 	c:\Users\moyen\.vscode\extensions\redhat.java-1.43.1-win32-x64\jre\21.0.7-win32-x86_64\bin\instrument.dll
0x00007ffd83790000 - 0x00007ffd837af000 	c:\Users\moyen\.vscode\extensions\redhat.java-1.43.1-win32-x64\jre\21.0.7-win32-x86_64\bin\java.dll
0x00007ffd9eff0000 - 0x00007ffd9f73a000 	C:\WINDOWS\System32\SHELL32.dll
0x00007ffd9cbd0000 - 0x00007ffd9cd44000 	C:\WINDOWS\System32\wintypes.dll
0x00007ffd9a710000 - 0x00007ffd9af6b000 	C:\WINDOWS\SYSTEM32\windows.storage.dll
0x00007ffd9e7e0000 - 0x00007ffd9e8d5000 	C:\WINDOWS\System32\SHCORE.dll
0x00007ffd9e580000 - 0x00007ffd9e5ea000 	C:\WINDOWS\System32\shlwapi.dll
0x00007ffd9ca20000 - 0x00007ffd9ca4f000 	C:\WINDOWS\SYSTEM32\profapi.dll
0x00007ffd80630000 - 0x00007ffd80648000 	c:\Users\moyen\.vscode\extensions\redhat.java-1.43.1-win32-x64\jre\21.0.7-win32-x86_64\bin\zip.dll
0x00007ffd8bc00000 - 0x00007ffd8bc10000 	C:\Users\moyen\.vscode\extensions\redhat.java-1.43.1-win32-x64\jre\21.0.7-win32-x86_64\bin\net.dll
0x00007ffd95ae0000 - 0x00007ffd95bfe000 	C:\WINDOWS\SYSTEM32\WINHTTP.dll
0x00007ffd9bde0000 - 0x00007ffd9be4a000 	C:\WINDOWS\system32\mswsock.dll
0x00007ffd80330000 - 0x00007ffd80346000 	C:\Users\moyen\.vscode\extensions\redhat.java-1.43.1-win32-x64\jre\21.0.7-win32-x86_64\bin\nio.dll
0x00007ffd8ba70000 - 0x00007ffd8ba80000 	c:\Users\moyen\.vscode\extensions\redhat.java-1.43.1-win32-x64\jre\21.0.7-win32-x86_64\bin\verify.dll
0x00007ffd79980000 - 0x00007ffd799c5000 	C:\Users\moyen\AppData\Roaming\Code\User\globalStorage\redhat.java\1.43.1\config_win\org.eclipse.equinox.launcher\org.eclipse.equinox.launcher.win32.win32.x86_64_1.2.1300.v20250331-1702\eclipse_11911.dll
0x00007ffd9dd10000 - 0x00007ffd9deae000 	C:\WINDOWS\System32\ole32.dll
0x00007ffd9c1c0000 - 0x00007ffd9c1db000 	C:\WINDOWS\SYSTEM32\CRYPTSP.dll
0x00007ffd9b7d0000 - 0x00007ffd9b80b000 	C:\WINDOWS\system32\rsaenh.dll
0x00007ffd9be80000 - 0x00007ffd9beab000 	C:\WINDOWS\SYSTEM32\USERENV.dll
0x00007ffd9c9f0000 - 0x00007ffd9ca16000 	C:\WINDOWS\SYSTEM32\bcrypt.dll
0x00007ffd9c020000 - 0x00007ffd9c02c000 	C:\WINDOWS\SYSTEM32\CRYPTBASE.dll
0x00007ffd9b280000 - 0x00007ffd9b2b3000 	C:\WINDOWS\SYSTEM32\IPHLPAPI.DLL
0x00007ffd9e570000 - 0x00007ffd9e57a000 	C:\WINDOWS\System32\NSI.dll
0x00007ffd76670000 - 0x00007ffd766b9000 	C:\Users\moyen\AppData\Local\Temp\jna-104090112\jna7033273555128267408.dll
0x00007ffd9e7d0000 - 0x00007ffd9e7d8000 	C:\WINDOWS\System32\PSAPI.DLL
0x00007ffd961c0000 - 0x00007ffd961df000 	C:\WINDOWS\SYSTEM32\dhcpcsvc6.DLL
0x00007ffd95fc0000 - 0x00007ffd95fe5000 	C:\WINDOWS\SYSTEM32\dhcpcsvc.DLL
0x00007ffd8a6f0000 - 0x00007ffd8a6fe000 	C:\Users\moyen\.vscode\extensions\redhat.java-1.43.1-win32-x64\jre\21.0.7-win32-x86_64\bin\sunmscapi.dll
0x00007ffd9d3e0000 - 0x00007ffd9d557000 	C:\WINDOWS\System32\CRYPT32.dll
0x00007ffd9c310000 - 0x00007ffd9c340000 	C:\WINDOWS\SYSTEM32\ncrypt.dll
0x00007ffd9c2c0000 - 0x00007ffd9c2ff000 	C:\WINDOWS\SYSTEM32\NTASN1.dll
0x00007ffd9b310000 - 0x00007ffd9b436000 	C:\WINDOWS\SYSTEM32\DNSAPI.dll
0x00007ffd95040000 - 0x00007ffd9504b000 	C:\Windows\System32\rasadhlp.dll
0x00007ffd96610000 - 0x00007ffd96696000 	C:\WINDOWS\System32\fwpuclnt.dll
0x00007ffd87400000 - 0x00007ffd87409000 	C:\Users\moyen\.vscode\extensions\redhat.java-1.43.1-win32-x64\jre\21.0.7-win32-x86_64\bin\extnet.dll
0x00007ffd9b9a0000 - 0x00007ffd9b9d6000 	C:\WINDOWS\SYSTEM32\ntmarta.dll

dbghelp: loaded successfully - version: 4.0.5 - missing functions: none
symbol engine: initialized successfully - sym options: 0x614 - pdb path: .;c:\Users\moyen\.vscode\extensions\redhat.java-1.43.1-win32-x64\jre\21.0.7-win32-x86_64\bin;C:\WINDOWS\SYSTEM32;C:\WINDOWS\WinSxS\amd64_microsoft.windows.common-controls_6595b64144ccf1df_6.0.26100.4484_none_3e0e6d4ce32ef3b3;c:\Users\moyen\.vscode\extensions\redhat.java-1.43.1-win32-x64\jre\21.0.7-win32-x86_64\bin\server;C:\Users\moyen\AppData\Roaming\Code\User\globalStorage\redhat.java\1.43.1\config_win\org.eclipse.equinox.launcher\org.eclipse.equinox.launcher.win32.win32.x86_64_1.2.1300.v20250331-1702;C:\Users\moyen\AppData\Local\Temp\jna-104090112

VM Arguments:
jvm_args: --add-modules=ALL-SYSTEM --add-opens=java.base/java.util=ALL-UNNAMED --add-opens=java.base/java.lang=ALL-UNNAMED --add-opens=java.base/sun.nio.fs=ALL-UNNAMED -Declipse.application=org.eclipse.jdt.ls.core.id1 -Dosgi.bundles.defaultStartLevel=4 -Declipse.product=org.eclipse.jdt.ls.core.product -Djava.import.generatesMetadataFilesAtProjectRoot=false -DDetectVMInstallationsJob.disabled=true -Dfile.encoding=utf8 -XX:+UseParallelGC -XX:GCTimeRatio=4 -XX:AdaptiveSizePolicyWeight=90 -Dsun.zip.disableMemoryMapping=true -Xmx2G -Xms100m -Xlog:disable -javaagent:c:\Users\moyen\.vscode\extensions\redhat.java-1.43.1-win32-x64\lombok\lombok-1.18.39-4050.jar -XX:+HeapDumpOnOutOfMemoryError -XX:HeapDumpPath=c:\Users\moyen\AppData\Roaming\Code\User\workspaceStorage\bd6f6ca4053dd209040867789831c2ef\redhat.java -Daether.dependencyCollector.impl=bf 
java_command: c:\Users\moyen\.vscode\extensions\redhat.java-1.43.1-win32-x64\server\plugins\org.eclipse.equinox.launcher_1.7.0.v20250519-0528.jar -configuration c:\Users\moyen\AppData\Roaming\Code\User\globalStorage\redhat.java\1.43.1\config_win -data c:\Users\moyen\AppData\Roaming\Code\User\workspaceStorage\bd6f6ca4053dd209040867789831c2ef\redhat.java\jdt_ws --pipe=\\.\pipe\lsp-12d8297032aacf0fc12b66a1461ed0de-sock
java_class_path (initial): c:\Users\moyen\.vscode\extensions\redhat.java-1.43.1-win32-x64\server\plugins\org.eclipse.equinox.launcher_1.7.0.v20250519-0528.jar
Launcher Type: SUN_STANDARD

[Global flags]
    uintx AdaptiveSizePolicyWeight                 = 90                                        {product} {command line}
     intx CICompilerCount                          = 12                                        {product} {ergonomic}
    uintx GCTimeRatio                              = 4                                         {product} {command line}
     bool HeapDumpOnOutOfMemoryError               = true                                   {manageable} {command line}
    ccstr HeapDumpPath                             = c:\Users\moyen\AppData\Roaming\Code\User\workspaceStorage\bd6f6ca4053dd209040867789831c2ef\redhat.java         {manageable} {command line}
   size_t InitialHeapSize                          = 104857600                                 {product} {command line}
   size_t MaxHeapSize                              = 2147483648                                {product} {command line}
   size_t MaxNewSize                               = 715653120                                 {product} {ergonomic}
   size_t MinHeapDeltaBytes                        = 524288                                    {product} {ergonomic}
   size_t MinHeapSize                              = 104857600                                 {product} {command line}
   size_t NewSize                                  = 34603008                                  {product} {ergonomic}
    uintx NonNMethodCodeHeapSize                   = 7602480                                {pd product} {ergonomic}
    uintx NonProfiledCodeHeapSize                  = 122027880                              {pd product} {ergonomic}
   size_t OldSize                                  = 70254592                                  {product} {ergonomic}
    uintx ProfiledCodeHeapSize                     = 122027880                              {pd product} {ergonomic}
    uintx ReservedCodeCacheSize                    = 251658240                              {pd product} {ergonomic}
     bool SegmentedCodeCache                       = true                                      {product} {ergonomic}
   size_t SoftMaxHeapSize                          = 2147483648                             {manageable} {ergonomic}
     bool UseCompressedOops                        = true                           {product lp64_product} {ergonomic}
     bool UseLargePagesIndividualAllocation        = false                                  {pd product} {ergonomic}
     bool UseParallelGC                            = true                                      {product} {command line}

Logging:
Log output configuration:
 #0: stdout all=off uptime,level,tags foldmultilines=false
 #1: stderr all=off uptime,level,tags foldmultilines=false

Environment Variables:
JAVA_HOME=C:\Program Files\Zulu\zulu-17
PATH=C:\ffmpeg\bin;C:\Program Files (x86)\VMware\VMware Workstation\bin\;C:\WINDOWS\system32;C:\WINDOWS;C:\WINDOWS\System32\Wbem;C:\WINDOWS\System32\WindowsPowerShell\v1.0\;C:\WINDOWS\System32\OpenSSH\;C:\Program Files\Cloudflare\Cloudflare WARP\;C:\Users\moyen\AppData\Local\Programs\Python\Python312\Scripts;C:\Users\moyen\AppData\Local\Programs\Python\Python312;C:\Program Files\Git\cmd;C:\Program Files\Git\bin;C:\Program Files\GitHub CLI\;C:\Program Files\nodejs\;C:\platform-tools;C:\msys64\ucrt64\bin;C:\Users\moyen\AppData\Local\Programs\Python\Launcher\;C:\Users\moyen\AppData\Local\Microsoft\WindowsApps;C:\Users\moyen\AppData\Local\Programs\Microsoft VS Code\bin;C:\Users\moyen\AppData\Local\Microsoft\WinGet\Packages\Schniz.fnm_Microsoft.Winget.Source_8wekyb3d8bbwe;C:\Users\moyen\AppData\Roaming\npm;C:\Program Files\dotnet\;C:\Program Files\Zulu\zulu-17\bin;C:\Program Files\PuTTY\;C:\WINDOWS\system32;C:\WINDOWS;C:\WINDOWS\System32\Wbem;C:\WINDOWS\System32\WindowsPowerShell\v1.0\;C:\WINDOWS\System32\OpenSSH\;C:\Program Files\Docker\Docker\resources\bin;c:\Users\moyen\AppData\Local\Programs\cursor\resources\app\bin;C:\Program Files (x86)\Apache\Maven\maven-mvnd-1.0.2-windows-amd64\bin;C:\Program Files (x86)\Google\Cloud SDK\google-cloud-sdk\bin;C:\Users\moyen\AppData\Local\Programs\Python\Launcher\;C:\Users\moyen\AppData\Local\Microsoft\WindowsApps;C:\Users\moyen\AppData\Local\Programs\Microsoft VS Code\bin;C:\Users\moyen\AppData\Local\Microsoft\WinGet\Packages\Schniz.fnm_Microsoft.Winget.Source_8wekyb3d8bbwe;C:\Users\moyen\AppData\Roaming\npm;C:\Users\moyen\AppData\Local\Programs\cursor\resources\app\bin;C:\Program Files (x86)\Apache\Maven\maven-mvnd-1.0.2-windows-amd64\bin;
USERNAME=moyen
OS=Windows_NT
PROCESSOR_IDENTIFIER=AMD64 Family 23 Model 96 Stepping 1, AuthenticAMD
TMP=C:\Users\moyen\AppData\Local\Temp
TEMP=C:\Users\moyen\AppData\Local\Temp




Periodic native trim disabled

---------------  S Y S T E M  ---------------

OS:
 Windows 11 , 64 bit Build 26100 (10.0.26100.4484)
OS uptime: 1 days 7:50 hours
Hyper-V role detected

CPU: total 16 (initial active 16) (16 cores per cpu, 2 threads per core) family 23 model 96 stepping 1 microcode 0x8600106, cx8, cmov, fxsr, ht, mmx, 3dnowpref, sse, sse2, sse3, ssse3, sse4a, sse4.1, sse4.2, popcnt, lzcnt, tsc, tscinvbit, avx, avx2, aes, clmul, bmi1, bmi2, adx, sha, fma, vzeroupper, clflush, clflushopt, hv, rdtscp, rdpid, f16c
Processor Information for the first 16 processors :
  Max Mhz: 2901, Current Mhz: 2901, Mhz Limit: 2901

Memory: 4k page, system-wide physical 7599M (630M free)
TotalPageFile size 26777M (AvailPageFile size 3M)
current process WorkingSet (physical memory assigned to process): 258M, peak: 922M
current process commit charge ("private bytes"): 1696M, peak: 1817M

vm_info: OpenJDK 64-Bit Server VM (21.0.7+6-LTS) for windows-amd64 JRE (21.0.7+6-LTS), built on 2025-04-15T00:00:00Z by "admin" with MS VC++ 17.7 (VS2022)

END.
